2026-03-24 15:06:42,136 | MainThread | DEBUG | Converted retries value: 3 -> Retry(total=3, connect=None, read=None, redirect=None, status=None)
2026-03-24 15:06:42,144 | MainThread | DEBUG | Starting new HTTPS connection (1): oauth2.googleapis.com:443
2026-03-24 15:06:42,539 | MainThread | DEBUG | https://oauth2.googleapis.com:443 "POST /token HTTP/1.1" 200 None
2026-03-24 15:06:42,548 | MainThread | DEBUG | Starting new HTTPS connection (1): sheets.googleapis.com:443
2026-03-24 15:06:43,291 | MainThread | DEBUG | https://sheets.googleapis.com:443 "GET /v4/spreadsheets/14OHoOhmtEgTA8U3Y0aQexUm2AtzlHQ8m44SVh0bfnwg?includeGridData=false HTTP/1.1" 200 None
2026-03-24 15:06:44,697 | MainThread | DEBUG | https://sheets.googleapis.com:443 "GET /v4/spreadsheets/14OHoOhmtEgTA8U3Y0aQexUm2AtzlHQ8m44SVh0bfnwg?includeGridData=false HTTP/1.1" 200 None
2026-03-24 15:06:44,702 | MainThread | ERROR | Google Sheet Error: Baseconnect
2026-03-24 15:06:44,702 | MainThread | INFO | --- Processing Page 51/100 ---
2026-03-24 15:06:44,706 | MainThread | DEBUG | Starting new HTTPS connection (1): baseconnect.in:443
2026-03-24 15:06:45,249 | MainThread | DEBUG | https://baseconnect.in:443 "GET /companies/category/78861e23-0990-4878-ab2f-09ee9e9c7080?page=51 HTTP/1.1" 200 None
2026-03-24 15:06:46,504 | ThreadPoolExecutor-0_3 | DEBUG | Starting new HTTPS connection (2): baseconnect.in:443
2026-03-24 15:06:46,506 | ThreadPoolExecutor-0_4 | DEBUG | Starting new HTTPS connection (3): baseconnect.in:443
2026-03-24 15:06:46,537 | ThreadPoolExecutor-0_1 | DEBUG | Starting new HTTPS connection (4): baseconnect.in:443
2026-03-24 15:06:46,555 | ThreadPoolExecutor-0_14 | DEBUG | Starting new HTTPS connection (5): baseconnect.in:443
2026-03-24 15:06:46,559 | ThreadPoolExecutor-0_20 | DEBUG | Starting new HTTPS connection (6): baseconnect.in:443
2026-03-24 15:06:46,561 | ThreadPoolExecutor-0_16 | DEBUG | https://baseconnect.in:443 "GET /companies/98697a1c-5157-4c53-a168-f1f64fe872ca HTTP/1.1" 200 None
2026-03-24 15:06:46,695 | ThreadPoolExecutor-0_17 | DEBUG | Starting new HTTPS connection (7): baseconnect.in:443
2026-03-24 15:06:46,701 | ThreadPoolExecutor-0_23 | DEBUG | https://baseconnect.in:443 "GET /companies/ranking HTTP/1.1" 200 None
2026-03-24 15:06:46,735 | ThreadPoolExecutor-0_19 | DEBUG | Starting new HTTPS connection (8): baseconnect.in:443
2026-03-24 15:06:46,746 | ThreadPoolExecutor-0_25 | DEBUG | Starting new HTTPS connection (9): baseconnect.in:443
2026-03-24 15:06:46,780 | ThreadPoolExecutor-0_7 | DEBUG | Starting new HTTPS connection (10): baseconnect.in:443
2026-03-24 15:06:46,788 | ThreadPoolExecutor-0_22 | DEBUG | https://baseconnect.in:443 "GET /companies/8b93e220-fc75-42c9-9180-c1809e784290 HTTP/1.1" 200 None
2026-03-24 15:06:46,924 | ThreadPoolExecutor-0_9 | DEBUG | Starting new HTTPS connection (11): baseconnect.in:443
2026-03-24 15:06:46,925 | ThreadPoolExecutor-0_21 | DEBUG | Starting new HTTPS connection (12): baseconnect.in:443
2026-03-24 15:06:46,941 | ThreadPoolExecutor-0_2 | DEBUG | Starting new HTTPS connection (13): baseconnect.in:443
2026-03-24 15:06:46,943 | ThreadPoolExecutor-0_10 | DEBUG | Starting new HTTPS connection (14): baseconnect.in:443
2026-03-24 15:06:46,967 | ThreadPoolExecutor-0_0 | DEBUG | Starting new HTTPS connection (15): baseconnect.in:443
2026-03-24 15:06:46,996 | ThreadPoolExecutor-0_12 | DEBUG | Starting new HTTPS connection (16): baseconnect.in:443
2026-03-24 15:06:46,999 | ThreadPoolExecutor-0_6 | DEBUG | Starting new HTTPS connection (17): baseconnect.in:443
2026-03-24 15:06:47,012 | ThreadPoolExecutor-0_18 | DEBUG | Starting new HTTPS connection (18): baseconnect.in:443
2026-03-24 15:06:47,094 | ThreadPoolExecutor-0_11 | DEBUG | Starting new HTTPS connection (19): baseconnect.in:443
2026-03-24 15:06:47,099 | ThreadPoolExecutor-0_4 | DEBUG | https://baseconnect.in:443 "GET /companies/77a4d87d-8b54-47a2-8463-13c04f124426 HTTP/1.1" 200 None
2026-03-24 15:06:47,116 | ThreadPoolExecutor-0_13 | DEBUG | Starting new HTTPS connection (20): baseconnect.in:443
2026-03-24 15:06:47,124 | ThreadPoolExecutor-0_24 | DEBUG | Starting new HTTPS connection (21): baseconnect.in:443
2026-03-24 15:06:47,128 | ThreadPoolExecutor-0_15 | DEBUG | Starting new HTTPS connection (22): baseconnect.in:443
2026-03-24 15:06:47,134 | ThreadPoolExecutor-0_1 | DEBUG | https://baseconnect.in:443 "GET /companies/64e98208-0f63-479e-b8fd-7ecbfa4215fa HTTP/1.1" 200 None
2026-03-24 15:06:47,140 | ThreadPoolExecutor-0_8 | DEBUG | Starting new HTTPS connection (23): baseconnect.in:443
2026-03-24 15:06:47,234 | ThreadPoolExecutor-0_5 | DEBUG | https://baseconnect.in:443 "GET /companies/089e8b95-16b1-4830-9994-495748d15197 HTTP/1.1" 200 None
2026-03-24 15:06:47,246 | ThreadPoolExecutor-0_3 | DEBUG | https://baseconnect.in:443 "GET /companies/fe2dd241-5521-4066-8dad-028eb4346685 HTTP/1.1" 200 None
2026-03-24 15:06:47,325 | ThreadPoolExecutor-0_20 | DEBUG | https://baseconnect.in:443 "GET /companies/02776744-24b8-4619-805a-1ab0a28aa123 HTTP/1.1" 200 None
2026-03-24 15:06:47,375 | ThreadPoolExecutor-0_16 | DEBUG | https://baseconnect.in:443 "GET /companies/21ef7790-8500-4e4a-b6eb-42d901a9a5d1 HTTP/1.1" 200 None
2026-03-24 15:06:47,402 | ThreadPoolExecutor-0_17 | DEBUG | https://baseconnect.in:443 "GET /companies/b3e67c44-3d19-4269-bde8-6efb0138145d HTTP/1.1" 200 None
2026-03-24 15:06:47,476 | ThreadPoolExecutor-0_14 | DEBUG | https://baseconnect.in:443 "GET /companies/a7e62875-0dd7-4f7b-9495-617f971a8055 HTTP/1.1" 200 None
2026-03-24 15:06:47,648 | ThreadPoolExecutor-0_22 | DEBUG | https://baseconnect.in:443 "GET /companies/ae553f24-ee88-45f9-bd44-2dede994c3a3 HTTP/1.1" 200 None
2026-03-24 15:06:47,717 | ThreadPoolExecutor-0_7 | DEBUG | https://baseconnect.in:443 "GET /companies/9cd72681-5b3a-4af8-9426-179a6bf07059 HTTP/1.1" 200 None
2026-03-24 15:06:47,749 | ThreadPoolExecutor-0_19 | DEBUG | https://baseconnect.in:443 "GET /companies/46418042-fa9e-4e86-9d7d-9e35e97a1e3d HTTP/1.1" 200 None
2026-03-24 15:06:47,784 | ThreadPoolExecutor-0_25 | DEBUG | https://baseconnect.in:443 "GET /companies/f589c0d6-f2db-4a8c-b571-75c8c51a82de HTTP/1.1" 200 None
2026-03-24 15:06:47,872 | ThreadPoolExecutor-0_0 | DEBUG | https://baseconnect.in:443 "GET /companies/36100653-3aeb-4211-acbe-708775524fa2 HTTP/1.1" 200 None
2026-03-24 15:06:47,897 | ThreadPoolExecutor-0_18 | DEBUG | https://baseconnect.in:443 "GET /companies/category HTTP/1.1" 200 None
2026-03-24 15:06:47,949 | ThreadPoolExecutor-0_11 | DEBUG | https://baseconnect.in:443 "GET /companies/0f35f7c7-21dc-456d-9c4d-a2306a19bd1c HTTP/1.1" 200 None
2026-03-24 15:06:47,980 | ThreadPoolExecutor-0_24 | DEBUG | https://baseconnect.in:443 "GET /companies/c0244aca-d3e0-4a6d-8303-142843aafda5 HTTP/1.1" 200 None
2026-03-24 15:06:48,012 | ThreadPoolExecutor-0_12 | DEBUG | https://baseconnect.in:443 "GET /companies/2bcf84a4-488f-4bf4-80d7-1c287fcef696 HTTP/1.1" 200 None
2026-03-24 15:06:48,073 | ThreadPoolExecutor-0_23 | DEBUG | https://baseconnect.in:443 "GET /companies/e2a495cb-4657-445f-aef6-1271de313643 HTTP/1.1" 200 None
2026-03-24 15:06:48,084 | ThreadPoolExecutor-0_9 | DEBUG | https://baseconnect.in:443 "GET /companies/0b3334e2-ad5c-437a-b933-09523fdf1913 HTTP/1.1" 200 None
2026-03-24 15:06:48,090 | ThreadPoolExecutor-0_15 | DEBUG | https://baseconnect.in:443 "GET /companies/b17a4276-8a9b-4c5e-9307-42178cbd084f HTTP/1.1" 200 None
2026-03-24 15:06:48,093 | ThreadPoolExecutor-0_13 | DEBUG | https://baseconnect.in:443 "GET /companies/6e3db55b-fecd-449e-898f-3b7d16d76687 HTTP/1.1" 200 None
2026-03-24 15:06:48,101 | ThreadPoolExecutor-0_21 | DEBUG | https://baseconnect.in:443 "GET /companies/254f0bab-c3d0-48f2-a4c5-05f404d7be6f HTTP/1.1" 200 None
2026-03-24 15:06:48,120 | ThreadPoolExecutor-0_10 | DEBUG | https://baseconnect.in:443 "GET /companies/e55108c0-a06e-4f31-b440-d38096b45119 HTTP/1.1" 200 None
2026-03-24 15:06:48,206 | ThreadPoolExecutor-0_2 | DEBUG | https://baseconnect.in:443 "GET /companies/66218d3a-5cce-4a6c-a3e4-db250cc2ae90 HTTP/1.1" 200 None
2026-03-24 15:06:48,215 | ThreadPoolExecutor-0_8 | DEBUG | https://baseconnect.in:443 "GET /companies/55cef82d-eb76-45ae-b48a-1cccc9952a8d HTTP/1.1" 200 None
2026-03-24 15:06:48,314 | ThreadPoolExecutor-0_17 | DEBUG | https://baseconnect.in:443 "GET /companies/0cbc0a13-a782-43c7-a3b2-2ec95710d2ab HTTP/1.1" 200 None
2026-03-24 15:06:48,359 | ThreadPoolExecutor-0_16 | DEBUG | https://baseconnect.in:443 "GET /companies/4c517fa8-5d50-40d0-87c3-dc4d239901d2 HTTP/1.1" 200 None
2026-03-24 15:06:48,415 | ThreadPoolExecutor-0_6 | DEBUG | https://baseconnect.in:443 "GET /companies/7c95eef0-af44-4ae6-a2b3-b38402a229e6 HTTP/1.1" 200 None
2026-03-24 15:06:48,617 | ThreadPoolExecutor-0_3 | DEBUG | https://baseconnect.in:443 "GET /companies/cb15146b-5dac-4cc1-8a85-1273d2d76cfc HTTP/1.1" 200 None
2026-03-24 15:06:48,628 | ThreadPoolExecutor-0_4 | DEBUG | https://baseconnect.in:443 "GET /companies/4f9c9d13-2ee4-417a-b1ac-64dc5e2888e7 HTTP/1.1" 200 None
2026-03-24 15:06:48,647 | ThreadPoolExecutor-0_5 | DEBUG | https://baseconnect.in:443 "GET /companies/eb9547ba-c0ed-4e5b-9a16-e9fc437a69ce HTTP/1.1" 200 None
2026-03-24 15:06:48,710 | ThreadPoolExecutor-0_20 | DEBUG | https://baseconnect.in:443 "GET /companies/b8bddf87-91a9-43b6-854e-c059d9ea9ce5 HTTP/1.1" 200 None
2026-03-24 15:06:48,748 | ThreadPoolExecutor-0_1 | DEBUG | https://baseconnect.in:443 "GET /companies/5bd9e3f2-0a1e-40c2-a800-a526c1176d14 HTTP/1.1" 200 None
2026-03-24 15:06:48,903 | ThreadPoolExecutor-0_22 | DEBUG | https://baseconnect.in:443 "GET /companies/c8026fbb-9c78-446d-b4cd-3f84c211b057 HTTP/1.1" 200 None
2026-03-24 15:06:48,947 | ThreadPoolExecutor-0_11 | DEBUG | https://baseconnect.in:443 "GET /companies/66ffb8a9-e542-4858-a277-ebb1c2871513 HTTP/1.1" 200 None
2026-03-24 15:06:48,957 | ThreadPoolExecutor-0_7 | DEBUG | https://baseconnect.in:443 "GET /companies/dc02e23d-1a5f-4b2c-ab55-264ed8c456b5 HTTP/1.1" 200 None
2026-03-24 15:06:48,971 | ThreadPoolExecutor-0_14 | DEBUG | https://baseconnect.in:443 "GET /companies/8974c20c-d342-4c85-baff-c295368ee0a2 HTTP/1.1" 200 None
2026-03-24 15:06:48,972 | ThreadPoolExecutor-0_24 | DEBUG | https://baseconnect.in:443 "GET /companies/435fbec4-cae9-4446-a3ec-c83ce441eb5b HTTP/1.1" 200 None
2026-03-24 15:06:49,040 | ThreadPoolExecutor-0_17 | DEBUG | https://baseconnect.in:443 "GET /companies/02b59082-512f-43bf-a22a-bbcc5cf225a7 HTTP/1.1" 200 None
2026-03-24 15:06:49,071 | ThreadPoolExecutor-0_23 | DEBUG | https://baseconnect.in:443 "GET /companies/eb4ed2f4-4727-4c58-89d6-3fde90cee953 HTTP/1.1" 200 None
2026-03-24 15:06:49,158 | ThreadPoolExecutor-0_2 | DEBUG | https://baseconnect.in:443 "GET /companies/prefecture HTTP/1.1" 200 None
2026-03-24 15:06:49,197 | ThreadPoolExecutor-0_12 | DEBUG | https://baseconnect.in:443 "GET /companies/3e8b8811-3434-4ba5-aa73-27bd9c276b00 HTTP/1.1" 200 None
2026-03-24 15:06:49,261 | ThreadPoolExecutor-0_0 | DEBUG | https://baseconnect.in:443 "GET /companies/listing_market HTTP/1.1" 200 None
2026-03-24 15:06:49,369 | ThreadPoolExecutor-0_18 | DEBUG | https://baseconnect.in:443 "GET /companies/d127084c-e902-4ea9-9a08-be853052ab94 HTTP/1.1" 200 None
2026-03-24 15:06:49,585 | ThreadPoolExecutor-0_13 | DEBUG | https://baseconnect.in:443 "GET /companies/4c05c32f-97a6-4fd0-acec-89047d859695 HTTP/1.1" 200 None
2026-03-24 15:06:50,002 | ThreadPoolExecutor-0_10 | DEBUG | https://baseconnect.in:443 "GET /companies/a24aadef-ea5a-4f6a-bc7d-0be5f74beb8d HTTP/1.1" 200 None
2026-03-24 15:06:50,003 | ThreadPoolExecutor-0_15 | DEBUG | https://baseconnect.in:443 "GET /companies/4f6c3f50-6b3a-49a7-b197-d2fd7a905e03 HTTP/1.1" 200 None
2026-03-24 15:06:50,046 | ThreadPoolExecutor-0_20 | DEBUG | https://baseconnect.in:443 "GET /companies/6ee9079b-f656-40aa-aaad-0d0fc8e4b25d HTTP/1.1" 200 None
2026-03-24 15:06:50,070 | ThreadPoolExecutor-0_8 | DEBUG | https://baseconnect.in:443 "GET /companies/647cf1b9-f0bd-463a-912d-42ad6a02d3a7 HTTP/1.1" 200 None
2026-03-24 15:06:50,141 | ThreadPoolExecutor-0_16 | DEBUG | https://baseconnect.in:443 "GET /companies/0dcedb5c-e999-4c5d-8ee7-f308d173501f HTTP/1.1" 200 None
2026-03-24 15:06:50,162 | ThreadPoolExecutor-0_6 | DEBUG | https://baseconnect.in:443 "GET /companies/552e467f-e1df-4727-aa15-c7d4eb64d125 HTTP/1.1" 200 None
2026-03-24 15:06:50,166 | ThreadPoolExecutor-0_9 | DEBUG | https://baseconnect.in:443 "GET /companies/444f66e9-ebd1-4977-8e58-d9bff96821e9 HTTP/1.1" 200 None
2026-03-24 15:06:50,170 | ThreadPoolExecutor-0_21 | DEBUG | https://baseconnect.in:443 "GET /companies/cedd5ad7-5f0c-4488-b0cc-602f22da69d0 HTTP/1.1" 200 None
2026-03-24 15:06:50,194 | ThreadPoolExecutor-0_22 | DEBUG | https://baseconnect.in:443 "GET /companies/b1b7b638-30f5-449f-8b4c-7c50b5228f01 HTTP/1.1" 200 None
2026-03-24 15:06:50,222 | ThreadPoolExecutor-0_25 | DEBUG | https://baseconnect.in:443 "GET /companies/18231eba-e3af-49ad-aa66-54794e296a64 HTTP/1.1" 200 None
2026-03-24 15:06:50,225 | ThreadPoolExecutor-0_7 | DEBUG | https://baseconnect.in:443 "GET /companies/de6e6972-b446-428d-be04-7fa7e6c0af43 HTTP/1.1" 200 None
2026-03-24 15:06:50,248 | ThreadPoolExecutor-0_4 | DEBUG | https://baseconnect.in:443 "GET /companies/c5348b18-4302-40f7-9ee3-33067f2bcbcd HTTP/1.1" 200 None
2026-03-24 15:06:50,250 | ThreadPoolExecutor-0_14 | DEBUG | https://baseconnect.in:443 "GET /companies/keyword HTTP/1.1" 200 None
2026-03-24 15:06:50,430 | ThreadPoolExecutor-0_11 | DEBUG | https://baseconnect.in:443 "GET /companies/11eceed6-6598-4367-90e2-b8d9eb683c40 HTTP/1.1" 200 None
2026-03-24 15:06:50,453 | ThreadPoolExecutor-0_1 | DEBUG | https://baseconnect.in:443 "GET /companies/12e8e2de-d548-418e-b10f-4b1a27e81e47 HTTP/1.1" 200 None
2026-03-24 15:06:50,454 | ThreadPoolExecutor-0_24 | DEBUG | https://baseconnect.in:443 "GET /companies/e65e1c25-2420-4248-a5dd-64cfc7169f35 HTTP/1.1" 200 None
2026-03-24 15:06:50,638 | ThreadPoolExecutor-0_19 | DEBUG | https://baseconnect.in:443 "GET /companies/740a67cb-e9fb-4de0-a359-1bda92ded14b HTTP/1.1" 200 None
2026-03-24 15:06:50,766 | MainThread | INFO | --- Processing Page 52/100 ---
2026-03-24 15:06:50,918 | MainThread | DEBUG | https://baseconnect.in:443 "GET /companies/category/78861e23-0990-4878-ab2f-09ee9e9c7080?page=52 HTTP/1.1" 200 None
2026-03-24 15:06:52,802 | ThreadPoolExecutor-1_20 | DEBUG | https://baseconnect.in:443 "GET /companies/508d74c3-bcd3-484a-afe9-967203fc6e35 HTTP/1.1" 200 None
2026-03-24 15:06:52,813 | ThreadPoolExecutor-1_1 | DEBUG | https://baseconnect.in:443 "GET /companies/fcda2fca-534f-40fb-a616-cf4bc8427e57 HTTP/1.1" 200 None
2026-03-24 15:06:52,849 | ThreadPoolExecutor-1_22 | DEBUG | https://baseconnect.in:443 "GET /companies/dee05d41-1792-4a0a-8f05-78a0af495692 HTTP/1.1" 200 None
2026-03-24 15:06:52,852 | ThreadPoolExecutor-1_18 | DEBUG | https://baseconnect.in:443 "GET /companies/f74846f5-c582-4f6a-a310-3adecebc7c73 HTTP/1.1" 200 None
2026-03-24 15:06:52,971 | ThreadPoolExecutor-1_19 | DEBUG | https://baseconnect.in:443 "GET /companies/e3c68a5f-eec4-4d47-81cf-566743747c94 HTTP/1.1" 200 None
2026-03-24 15:06:52,983 | ThreadPoolExecutor-1_7 | DEBUG | https://baseconnect.in:443 "GET /companies/82da4cfd-22ed-4171-888f-f28e96af2d77 HTTP/1.1" 200 None
2026-03-24 15:06:53,006 | ThreadPoolExecutor-1_6 | DEBUG | https://baseconnect.in:443 "GET /companies/067b0777-4c90-455c-94ec-65e5a687c12e HTTP/1.1" 200 None
2026-03-24 15:06:53,015 | ThreadPoolExecutor-1_2 | DEBUG | https://baseconnect.in:443 "GET /companies/30898e82-eac1-4824-8c59-dcddf961c025 HTTP/1.1" 200 None
2026-03-24 15:06:53,035 | ThreadPoolExecutor-1_23 | DEBUG | https://baseconnect.in:443 "GET /companies/9a73f2bb-efe4-4b58-b4c5-04f0e0f07e82 HTTP/1.1" 200 None
2026-03-24 15:06:53,057 | ThreadPoolExecutor-1_9 | DEBUG | https://baseconnect.in:443 "GET /companies/cec2d517-0f53-499c-9bcf-d680aaa9c994 HTTP/1.1" 200 None
2026-03-24 15:06:53,067 | ThreadPoolExecutor-1_0 | DEBUG | https://baseconnect.in:443 "GET /companies/f308b6b9-c4ce-4354-803c-6d21a6435628 HTTP/1.1" 200 None
2026-03-24 15:06:53,098 | ThreadPoolExecutor-1_17 | DEBUG | https://baseconnect.in:443 "GET /companies/77343482-b362-4208-9d65-3bfd38f83e98 HTTP/1.1" 200 None
2026-03-24 15:06:53,099 | ThreadPoolExecutor-1_15 | DEBUG | https://baseconnect.in:443 "GET /companies/e0b98cac-4dde-46b5-82f2-00379d8fae24 HTTP/1.1" 200 None
2026-03-24 15:06:53,099 | ThreadPoolExecutor-1_14 | DEBUG | https://baseconnect.in:443 "GET /companies/f29a9821-45e3-41a0-871a-8e6aacc512a2 HTTP/1.1" 200 None
2026-03-24 15:06:53,137 | ThreadPoolExecutor-1_8 | DEBUG | https://baseconnect.in:443 "GET /companies/cc4bfb14-98ab-48dc-8723-b6f308d6bc38 HTTP/1.1" 200 None
2026-03-24 15:06:53,192 | ThreadPoolExecutor-1_5 | DEBUG | https://baseconnect.in:443 "GET /companies/99b57c01-6173-445d-a0ee-6e2814a908ee HTTP/1.1" 200 None
2026-03-24 15:06:53,236 | ThreadPoolExecutor-1_10 | DEBUG | https://baseconnect.in:443 "GET /companies/c18d5613-7025-4bb1-9801-6998c6d36c0d HTTP/1.1" 200 None
2026-03-24 15:06:53,245 | ThreadPoolExecutor-1_25 | DEBUG | https://baseconnect.in:443 "GET /companies/3c8519b2-8da3-427e-a15b-a5d5efd4be4c HTTP/1.1" 200 None
2026-03-24 15:06:53,360 | ThreadPoolExecutor-1_16 | DEBUG | https://baseconnect.in:443 "GET /companies/dd7f52ce-5058-45f2-a85d-fa40c8106bef HTTP/1.1" 200 None
2026-03-24 15:06:53,360 | ThreadPoolExecutor-1_11 | DEBUG | https://baseconnect.in:443 "GET /companies/9eb1f260-9d4d-4658-8eda-a7e346bea0a6 HTTP/1.1" 200 None
2026-03-24 15:06:53,360 | ThreadPoolExecutor-1_24 | DEBUG | https://baseconnect.in:443 "GET /companies/9021c990-3ba1-4d68-97a3-afe9e1b103a6 HTTP/1.1" 200 None
2026-03-24 15:06:53,388 | ThreadPoolExecutor-1_13 | DEBUG | https://baseconnect.in:443 "GET /companies/b042a6a0-ed90-4fbe-8704-a5b874ab445e HTTP/1.1" 200 None
2026-03-24 15:06:53,437 | ThreadPoolExecutor-1_21 | DEBUG | https://baseconnect.in:443 "GET /companies/f4ecc2c5-6ef9-469d-beda-2b265e86d308 HTTP/1.1" 200 None
2026-03-24 15:06:53,440 | ThreadPoolExecutor-1_3 | DEBUG | https://baseconnect.in:443 "GET /companies/625dc526-e8a4-4cec-aac8-df15829ba9ed HTTP/1.1" 200 None
2026-03-24 15:06:53,696 | ThreadPoolExecutor-1_4 | DEBUG | https://baseconnect.in:443 "GET /companies/3a757048-ecc2-4c06-a47a-3df54ef2b6ab HTTP/1.1" 200 None
2026-03-24 15:06:54,064 | ThreadPoolExecutor-1_20 | DEBUG | https://baseconnect.in:443 "GET /companies/6fc76815-54be-42fd-a65a-de051f7897d6 HTTP/1.1" 200 None
2026-03-24 15:06:54,073 | ThreadPoolExecutor-1_12 | DEBUG | https://baseconnect.in:443 "GET /companies/fd3196c1-60b7-4f3e-aef3-2feccb332945 HTTP/1.1" 200 None
2026-03-24 15:06:54,129 | ThreadPoolExecutor-1_6 | DEBUG | https://baseconnect.in:443 "GET /companies/9d94bf6a-553b-4790-b656-89e773b87c59 HTTP/1.1" 200 None
2026-03-24 15:06:54,183 | ThreadPoolExecutor-1_0 | DEBUG | https://baseconnect.in:443 "GET /companies/8e012b42-e371-4d64-8e57-064b0212c5e4 HTTP/1.1" 200 None
2026-03-24 15:06:54,249 | ThreadPoolExecutor-1_1 | DEBUG | https://baseconnect.in:443 "GET /companies/f72ffb30-980d-4ce1-a836-b67f8299d6d0 HTTP/1.1" 200 None
2026-03-24 15:06:54,280 | ThreadPoolExecutor-1_19 | DEBUG | https://baseconnect.in:443 "GET /companies/fcd44365-5e9b-468d-94bc-9a8d500cb2e1 HTTP/1.1" 200 None
2026-03-24 15:06:54,302 | ThreadPoolExecutor-1_2 | DEBUG | https://baseconnect.in:443 "GET /companies/68c10200-66ef-46a1-84c5-a47179b4d56e HTTP/1.1" 200 None
2026-03-24 15:06:54,467 | ThreadPoolExecutor-1_5 | DEBUG | https://baseconnect.in:443 "GET /companies/416d3480-7bb3-43e9-8f6d-612c96d276d4 HTTP/1.1" 200 None
2026-03-24 15:06:54,642 | ThreadPoolExecutor-1_9 | DEBUG | https://baseconnect.in:443 "GET /companies/47c505ab-f069-48cf-a091-f465cc86b6de HTTP/1.1" 200 None
2026-03-24 15:06:54,685 | ThreadPoolExecutor-1_17 | DEBUG | https://baseconnect.in:443 "GET /companies/0145c855-45c7-4a9a-a923-6aad5ec92646 HTTP/1.1" 200 None
2026-03-24 15:06:54,794 | ThreadPoolExecutor-1_14 | DEBUG | https://baseconnect.in:443 "GET /companies/c25e3f9d-b345-4063-b7b9-8e5f702fe65b HTTP/1.1" 200 None
2026-03-24 15:06:54,893 | ThreadPoolExecutor-1_8 | DEBUG | https://baseconnect.in:443 "GET /companies/c4a4ca4e-f7af-459d-a3fb-8f4615424158 HTTP/1.1" 200 None
2026-03-24 15:06:54,916 | ThreadPoolExecutor-1_4 | DEBUG | https://baseconnect.in:443 "GET /companies/7e5e6968-ec54-4027-9c6c-4657d3d4abd4 HTTP/1.1" 200 None
2026-03-24 15:06:54,960 | ThreadPoolExecutor-1_7 | DEBUG | https://baseconnect.in:443 "GET /companies/8cc3662f-b59a-406a-aea1-0922089fcefd HTTP/1.1" 200 None
2026-03-24 15:06:55,033 | ThreadPoolExecutor-1_18 | DEBUG | https://baseconnect.in:443 "GET /companies/5ad7ac30-f07b-4b84-9885-7711a5aba8f8 HTTP/1.1" 200 None
2026-03-24 15:06:55,042 | ThreadPoolExecutor-1_23 | DEBUG | https://baseconnect.in:443 "GET /companies/e04f9aec-d77f-4edd-abf2-9f41ecc1b9cf HTTP/1.1" 200 None
2026-03-24 15:06:55,130 | ThreadPoolExecutor-1_15 | DEBUG | https://baseconnect.in:443 "GET /companies/003bfe5c-a1ce-4f94-bb3f-57bf1a5fe2cd HTTP/1.1" 200 None
2026-03-24 15:06:55,212 | ThreadPoolExecutor-1_13 | DEBUG | https://baseconnect.in:443 "GET /companies/3cbd2cbb-c751-4784-8883-0ec4cae955cd HTTP/1.1" 200 None
2026-03-24 15:06:55,227 | ThreadPoolExecutor-1_24 | DEBUG | https://baseconnect.in:443 "GET /companies/0e622798-9b95-4577-bf9c-1922e354dad1 HTTP/1.1" 200 None
2026-03-24 15:06:55,239 | ThreadPoolExecutor-1_11 | DEBUG | https://baseconnect.in:443 "GET /companies/f1b2dc0f-2863-4b97-82d3-3c617abd60bf HTTP/1.1" 200 None
2026-03-24 15:06:55,292 | ThreadPoolExecutor-1_21 | DEBUG | https://baseconnect.in:443 "GET /companies/8ec67dd1-0f7b-4156-a602-13191cbd6c95 HTTP/1.1" 200 None
2026-03-24 15:06:55,303 | ThreadPoolExecutor-1_22 | DEBUG | https://baseconnect.in:443 "GET /companies/744c6238-56e2-4fed-89a0-5703d926bf41 HTTP/1.1" 200 None
2026-03-24 15:06:55,332 | ThreadPoolExecutor-1_16 | DEBUG | https://baseconnect.in:443 "GET /companies/ea8d3a20-8b7a-47f2-ad24-8bbab032cab5 HTTP/1.1" 200 None
2026-03-24 15:06:55,403 | ThreadPoolExecutor-1_3 | DEBUG | https://baseconnect.in:443 "GET /companies/55e58612-c27c-4c59-a788-5db6555e1a89 HTTP/1.1" 200 None
2026-03-24 15:06:55,548 | ThreadPoolExecutor-1_25 | DEBUG | https://baseconnect.in:443 "GET /companies/421fabd4-38e5-4c85-8b5f-fd5913f6c60f HTTP/1.1" 200 None
2026-03-24 15:06:57,657 | MainThread | INFO | --- Processing Page 53/100 ---
2026-03-24 15:06:57,821 | MainThread | DEBUG | https://baseconnect.in:443 "GET /companies/category/78861e23-0990-4878-ab2f-09ee9e9c7080?page=53 HTTP/1.1" 200 None
2026-03-24 15:06:59,462 | ThreadPoolExecutor-2_12 | DEBUG | https://baseconnect.in:443 "GET /companies/81bc4734-f0e8-4c05-9479-e2d7bd0d87fc HTTP/1.1" 200 None
2026-03-24 15:06:59,473 | ThreadPoolExecutor-2_19 | DEBUG | https://baseconnect.in:443 "GET /companies/d94e8337-d27f-4330-8eb2-fafe1f8e020c HTTP/1.1" 200 None
2026-03-24 15:06:59,520 | ThreadPoolExecutor-2_13 | DEBUG | https://baseconnect.in:443 "GET /companies/9688734b-fd54-47d1-8096-1e1fcc651ed6 HTTP/1.1" 200 None
2026-03-24 15:06:59,521 | ThreadPoolExecutor-2_3 | DEBUG | https://baseconnect.in:443 "GET /companies/ea368281-451f-4788-8041-00a17a9cfcc6 HTTP/1.1" 200 None
2026-03-24 15:06:59,553 | ThreadPoolExecutor-2_8 | DEBUG | https://baseconnect.in:443 "GET /companies/800e5ffd-e5a0-4ef0-a3de-f7e36a257864 HTTP/1.1" 200 None
2026-03-24 15:06:59,628 | ThreadPoolExecutor-2_1 | DEBUG | https://baseconnect.in:443 "GET /companies/c423fed3-91da-414c-8a07-ee538d20df4d HTTP/1.1" 200 None
2026-03-24 15:06:59,675 | ThreadPoolExecutor-2_20 | DEBUG | https://baseconnect.in:443 "GET /companies/93749bb2-3360-40fa-895c-51d980bcf8ac HTTP/1.1" 200 None
2026-03-24 15:06:59,697 | ThreadPoolExecutor-2_11 | DEBUG | https://baseconnect.in:443 "GET /companies/f037dddd-daef-414d-b66e-c4da152ea017 HTTP/1.1" 200 None
2026-03-24 15:06:59,722 | ThreadPoolExecutor-2_2 | DEBUG | https://baseconnect.in:443 "GET /companies/06f9385f-e371-4599-b8cc-a1dc0f1f4610 HTTP/1.1" 200 None
2026-03-24 15:06:59,765 | ThreadPoolExecutor-2_10 | DEBUG | https://baseconnect.in:443 "GET /companies/c9a14086-43e9-47b6-bf57-2b9d65473951 HTTP/1.1" 200 None
2026-03-24 15:06:59,793 | ThreadPoolExecutor-2_22 | DEBUG | https://baseconnect.in:443 "GET /companies/376a4a8a-e1e3-4b00-8c65-48acb28381c6 HTTP/1.1" 200 None
2026-03-24 15:06:59,867 | ThreadPoolExecutor-2_21 | DEBUG | https://baseconnect.in:443 "GET /companies/7f54ee32-a6aa-48c1-9571-8ea3d1ae89fe HTTP/1.1" 200 None
2026-03-24 15:06:59,895 | ThreadPoolExecutor-2_23 | DEBUG | https://baseconnect.in:443 "GET /companies/f29bd272-70a7-4931-afbe-d1863c5f3420 HTTP/1.1" 200 None
2026-03-24 15:06:59,897 | ThreadPoolExecutor-2_0 | DEBUG | Starting new HTTPS connection (24): baseconnect.in:443
2026-03-24 15:06:59,900 | ThreadPoolExecutor-2_4 | DEBUG | https://baseconnect.in:443 "GET /companies/2b3824f2-d9f5-4f4a-8ef7-02c827bf21ab HTTP/1.1" 200 None
2026-03-24 15:06:59,950 | ThreadPoolExecutor-2_15 | DEBUG | https://baseconnect.in:443 "GET /companies/6b119dfd-2cd2-48dd-b642-acbda72c0e1c HTTP/1.1" 200 None
2026-03-24 15:06:59,975 | ThreadPoolExecutor-2_17 | DEBUG | https://baseconnect.in:443 "GET /companies/6d0026b9-8276-407d-aa8d-0f7c68e0ecec HTTP/1.1" 200 None
2026-03-24 15:07:00,008 | ThreadPoolExecutor-2_24 | DEBUG | https://baseconnect.in:443 "GET /companies/592c06ed-c848-480d-a0f8-ea972a0bf078 HTTP/1.1" 200 None
2026-03-24 15:07:00,074 | ThreadPoolExecutor-2_25 | DEBUG | https://baseconnect.in:443 "GET /companies/7348e7ff-7a88-45ac-9631-eaf6f6309619 HTTP/1.1" 200 None
2026-03-24 15:07:00,086 | ThreadPoolExecutor-2_18 | DEBUG | https://baseconnect.in:443 "GET /companies/0bd202e6-e4e8-422f-b449-5662a2aabf2e HTTP/1.1" 200 None
2026-03-24 15:07:00,220 | ThreadPoolExecutor-2_5 | DEBUG | https://baseconnect.in:443 "GET /companies/d7386a8c-b860-4f1a-b0d6-fa9de7e206d9 HTTP/1.1" 200 None
2026-03-24 15:07:00,240 | ThreadPoolExecutor-2_16 | DEBUG | https://baseconnect.in:443 "GET /companies/b8d26aa9-9684-449c-89ea-630e09a9b663 HTTP/1.1" 200 None
2026-03-24 15:07:00,258 | ThreadPoolExecutor-2_9 | DEBUG | https://baseconnect.in:443 "GET /companies/6605fd28-49c1-4aac-b8d5-db77fd73eb92 HTTP/1.1" 200 None
2026-03-24 15:07:00,302 | ThreadPoolExecutor-2_6 | DEBUG | https://baseconnect.in:443 "GET /companies/c4875bbc-d836-421f-9c47-0fec004a3f7b HTTP/1.1" 200 None
2026-03-24 15:07:00,351 | ThreadPoolExecutor-2_0 | DEBUG | https://baseconnect.in:443 "GET /companies/5edbc711-727a-482c-9c40-5a91a3b07b33 HTTP/1.1" 200 None
2026-03-24 15:07:00,557 | ThreadPoolExecutor-2_14 | DEBUG | https://baseconnect.in:443 "GET /companies/e516a229-5818-44ca-a90c-c6fb2cbd755b HTTP/1.1" 200 None
2026-03-24 15:07:00,677 | ThreadPoolExecutor-2_7 | DEBUG | https://baseconnect.in:443 "GET /companies/5345d3ba-8e67-4998-b9f1-b51610e2e929 HTTP/1.1" 200 None
2026-03-24 15:07:00,793 | ThreadPoolExecutor-2_10 | DEBUG | https://baseconnect.in:443 "GET /companies/50e2459c-2fee-443c-845d-07acd3ceac9b HTTP/1.1" 200 None
2026-03-24 15:07:00,884 | ThreadPoolExecutor-2_12 | DEBUG | https://baseconnect.in:443 "GET /companies/5accc0f3-15a1-44c1-8b49-ea946390cf86 HTTP/1.1" 200 None
2026-03-24 15:07:00,894 | ThreadPoolExecutor-2_1 | DEBUG | https://baseconnect.in:443 "GET /companies/bbf285f7-1811-4da4-8313-427324f70839 HTTP/1.1" 200 None
2026-03-24 15:07:00,969 | ThreadPoolExecutor-2_19 | DEBUG | https://baseconnect.in:443 "GET /companies/adda5723-4344-40bc-bbf0-c7c8dca521b9 HTTP/1.1" 200 None
2026-03-24 15:07:01,027 | ThreadPoolExecutor-2_15 | DEBUG | https://baseconnect.in:443 "GET /companies/5d572d93-160e-4360-8ab0-340b3b2f636c HTTP/1.1" 200 None
2026-03-24 15:07:01,028 | ThreadPoolExecutor-2_8 | DEBUG | https://baseconnect.in:443 "GET /companies/72a3d05e-f653-446c-a91a-af051f6c0b33 HTTP/1.1" 200 None
2026-03-24 15:07:01,351 | ThreadPoolExecutor-2_18 | DEBUG | https://baseconnect.in:443 "GET /companies/7f349f47-6678-46eb-9554-f275aa969d3c HTTP/1.1" 200 None
2026-03-24 15:07:01,352 | ThreadPoolExecutor-2_2 | DEBUG | https://baseconnect.in:443 "GET /companies/5d47492f-bc8b-4b65-a049-271e1bd30fbe HTTP/1.1" 200 None
2026-03-24 15:07:01,362 | ThreadPoolExecutor-2_20 | DEBUG | https://baseconnect.in:443 "GET /companies/69b0a7b9-9162-4664-8a53-a680a97f38ab HTTP/1.1" 200 None
2026-03-24 15:07:01,462 | ThreadPoolExecutor-2_11 | DEBUG | https://baseconnect.in:443 "GET /companies/8468366c-e07f-46da-a939-2ad76eecdd65 HTTP/1.1" 200 None
2026-03-24 15:07:01,530 | ThreadPoolExecutor-2_13 | DEBUG | https://baseconnect.in:443 "GET /companies/10b279c8-904b-49a9-b421-f7d469ede044 HTTP/1.1" 200 None
2026-03-24 15:07:01,568 | ThreadPoolExecutor-2_0 | DEBUG | https://baseconnect.in:443 "GET /companies/d5846b36-a9a9-4e88-8b3b-4086e5689705 HTTP/1.1" 200 None
2026-03-24 15:07:01,873 | ThreadPoolExecutor-2_6 | DEBUG | https://baseconnect.in:443 "GET /companies/8928709c-bf4a-4546-8ad0-ae1d106b00f1 HTTP/1.1" 200 None
2026-03-24 15:07:01,874 | ThreadPoolExecutor-2_25 | DEBUG | https://baseconnect.in:443 "GET /companies/afacd8d5-e43b-41eb-a7ac-bf5d48b1fc28 HTTP/1.1" 200 None
2026-03-24 15:07:01,884 | ThreadPoolExecutor-2_16 | DEBUG | https://baseconnect.in:443 "GET /companies/c6472a30-a8cd-4f51-8778-98321d0d55d0 HTTP/1.1" 200 None
2026-03-24 15:07:01,938 | ThreadPoolExecutor-2_14 | DEBUG | https://baseconnect.in:443 "GET /companies/aa8fb466-762b-45a1-ae65-939476fdad2e HTTP/1.1" 200 None
2026-03-24 15:07:01,982 | ThreadPoolExecutor-2_5 | DEBUG | https://baseconnect.in:443 "GET /companies/8578fd88-91ce-49e3-af21-365d64d9bd1d HTTP/1.1" 200 None
2026-03-24 15:07:02,091 | ThreadPoolExecutor-2_23 | DEBUG | https://baseconnect.in:443 "GET /companies/567a62c9-f1d4-4894-80b9-ae43748b2313 HTTP/1.1" 200 None
2026-03-24 15:07:02,097 | ThreadPoolExecutor-2_9 | DEBUG | https://baseconnect.in:443 "GET /companies/a6b7ad07-fa51-4d61-b9da-2f3690fe27f0 HTTP/1.1" 200 None
2026-03-24 15:07:02,183 | ThreadPoolExecutor-2_17 | DEBUG | https://baseconnect.in:443 "GET /companies/eaa20abb-9c34-49ae-932d-ceb69ca5abbd HTTP/1.1" 200 None
2026-03-24 15:07:02,198 | ThreadPoolExecutor-2_21 | DEBUG | https://baseconnect.in:443 "GET /companies/25031d40-ea3f-45ed-b63a-a9788982fdaa HTTP/1.1" 200 None
2026-03-24 15:07:02,289 | ThreadPoolExecutor-2_10 | DEBUG | https://baseconnect.in:443 "GET /companies/535e6cec-18bb-4636-987e-1154d75452e3 HTTP/1.1" 200 None
2026-03-24 15:07:02,423 | ThreadPoolExecutor-2_24 | DEBUG | https://baseconnect.in:443 "GET /companies/390c4aef-0753-4d25-8981-6a540049a8b7 HTTP/1.1" 200 None
2026-03-24 15:07:02,429 | ThreadPoolExecutor-2_7 | DEBUG | https://baseconnect.in:443 "GET /companies/68c5f1c4-4379-400b-81a3-59c17da19709 HTTP/1.1" 200 None
2026-03-24 15:07:03,397 | MainThread | INFO | --- Processing Page 54/100 ---
2026-03-24 15:07:03,563 | MainThread | DEBUG | https://baseconnect.in:443 "GET /companies/category/78861e23-0990-4878-ab2f-09ee9e9c7080?page=54 HTTP/1.1" 200 None
2026-03-24 15:07:05,035 | ThreadPoolExecutor-3_24 | DEBUG | https://baseconnect.in:443 "GET /companies/8d568865-9f88-405d-8071-1562372264a8 HTTP/1.1" 200 None
2026-03-24 15:07:05,120 | ThreadPoolExecutor-3_11 | DEBUG | https://baseconnect.in:443 "GET /companies/f5069744-cc6d-4be3-8822-61437a865031 HTTP/1.1" 200 None
2026-03-24 15:07:05,162 | ThreadPoolExecutor-3_14 | DEBUG | https://baseconnect.in:443 "GET /companies/727df026-de97-4958-8ab1-7b55fef6541c HTTP/1.1" 200 None
2026-03-24 15:07:05,175 | ThreadPoolExecutor-3_10 | DEBUG | https://baseconnect.in:443 "GET /companies/c6bf20e6-34a1-4dea-b2dc-9a29a29770e3 HTTP/1.1" 200 None
2026-03-24 15:07:05,180 | ThreadPoolExecutor-3_1 | DEBUG | https://baseconnect.in:443 "GET /companies/5de86f86-8693-4018-b207-b9c6db331b85 HTTP/1.1" 200 None
2026-03-24 15:07:05,181 | ThreadPoolExecutor-3_15 | DEBUG | https://baseconnect.in:443 "GET /companies/32ead2e2-ac5d-4323-89d9-bb549c597b7b HTTP/1.1" 200 None
2026-03-24 15:07:05,215 | ThreadPoolExecutor-3_12 | DEBUG | https://baseconnect.in:443 "GET /companies/85922378-247d-47a5-ad98-270512c2cc60 HTTP/1.1" 200 None
2026-03-24 15:07:05,224 | ThreadPoolExecutor-3_23 | DEBUG | https://baseconnect.in:443 "GET /companies/30d64f01-d856-4b2f-8cb8-cbb9e3a0dc64 HTTP/1.1" 200 None
2026-03-24 15:07:05,341 | ThreadPoolExecutor-3_6 | DEBUG | https://baseconnect.in:443 "GET /companies/999df12f-d766-4cfb-8885-90517ab8acb6 HTTP/1.1" 200 None
2026-03-24 15:07:05,369 | ThreadPoolExecutor-3_19 | DEBUG | https://baseconnect.in:443 "GET /companies/da81ba46-c079-445c-82ee-c58027d81a58 HTTP/1.1" 200 None
2026-03-24 15:07:05,370 | ThreadPoolExecutor-3_7 | DEBUG | https://baseconnect.in:443 "GET /companies/7e5a319b-592d-4a73-8343-5ed56a3c37cc HTTP/1.1" 200 None
2026-03-24 15:07:05,393 | ThreadPoolExecutor-3_4 | DEBUG | https://baseconnect.in:443 "GET /companies/ae68c0a2-86bb-4c37-aa40-8e65253e1849 HTTP/1.1" 200 None
2026-03-24 15:07:05,414 | ThreadPoolExecutor-3_3 | DEBUG | https://baseconnect.in:443 "GET /companies/ee1dbca9-b6c5-43a9-929e-4aec4d8e6f7b HTTP/1.1" 200 None
2026-03-24 15:07:05,414 | ThreadPoolExecutor-3_25 | DEBUG | https://baseconnect.in:443 "GET /companies/cc52ca35-3e25-4721-9f3b-be4f5d663d8b HTTP/1.1" 200 None
2026-03-24 15:07:05,471 | ThreadPoolExecutor-3_2 | DEBUG | https://baseconnect.in:443 "GET /companies/ab62c1b3-6540-43e2-8cef-227ef07f0446 HTTP/1.1" 200 None
2026-03-24 15:07:05,475 | ThreadPoolExecutor-3_20 | DEBUG | https://baseconnect.in:443 "GET /companies/408f1bd7-d917-47ee-bcca-da637eb98313 HTTP/1.1" 200 None
2026-03-24 15:07:05,544 | ThreadPoolExecutor-3_17 | DEBUG | https://baseconnect.in:443 "GET /companies/0eb821ac-c88f-4a5d-ab8c-78edd097308f HTTP/1.1" 200 None
2026-03-24 15:07:05,561 | ThreadPoolExecutor-3_21 | DEBUG | https://baseconnect.in:443 "GET /companies/a7d8360f-ec4b-4cde-94d3-6e24a7ff91cf HTTP/1.1" 200 None
2026-03-24 15:07:05,562 | ThreadPoolExecutor-3_0 | DEBUG | https://baseconnect.in:443 "GET /companies/2a35cc7a-47e9-42fe-bfe4-c083760ad6df HTTP/1.1" 200 None
2026-03-24 15:07:05,596 | ThreadPoolExecutor-3_18 | DEBUG | https://baseconnect.in:443 "GET /companies/f22105f3-f50e-4d5a-8fb4-1b3536ad103f HTTP/1.1" 200 None
2026-03-24 15:07:05,609 | ThreadPoolExecutor-3_16 | DEBUG | https://baseconnect.in:443 "GET /companies/c11fdd34-9f7e-4942-b8e9-13dc0ba72a7c HTTP/1.1" 200 None
2026-03-24 15:07:05,638 | ThreadPoolExecutor-3_22 | DEBUG | https://baseconnect.in:443 "GET /companies/c824f2eb-05f5-48a8-8a15-0060cb233761 HTTP/1.1" 200 None
2026-03-24 15:07:05,651 | ThreadPoolExecutor-3_13 | DEBUG | https://baseconnect.in:443 "GET /companies/6443cd8b-2a0e-4776-b43b-7f86a77526dc HTTP/1.1" 200 None
2026-03-24 15:07:05,694 | ThreadPoolExecutor-3_9 | DEBUG | https://baseconnect.in:443 "GET /companies/ff032ad4-af72-45f1-9866-9a2187a74250 HTTP/1.1" 200 None
2026-03-24 15:07:05,734 | ThreadPoolExecutor-3_8 | DEBUG | https://baseconnect.in:443 "GET /companies/7339c14d-9562-4980-954d-16323a207c06 HTTP/1.1" 200 None
2026-03-24 15:07:05,734 | ThreadPoolExecutor-3_5 | DEBUG | https://baseconnect.in:443 "GET /companies/edfb20b6-2aca-436d-a79f-b8221a9a8595 HTTP/1.1" 200 None
2026-03-24 15:07:06,165 | ThreadPoolExecutor-3_15 | DEBUG | https://baseconnect.in:443 "GET /companies/c9fb5646-51cf-435f-be2a-661f2b144004 HTTP/1.1" 200 None
2026-03-24 15:07:06,284 | ThreadPoolExecutor-3_24 | DEBUG | https://baseconnect.in:443 "GET /companies/73c0b765-b8a5-47ea-8a38-3db93a141331 HTTP/1.1" 200 None
2026-03-24 15:07:06,451 | ThreadPoolExecutor-3_7 | DEBUG | https://baseconnect.in:443 "GET /companies/ff6ccd37-8b1e-473e-8e9c-90f2bfef8447 HTTP/1.1" 200 None
2026-03-24 15:07:06,456 | ThreadPoolExecutor-3_1 | DEBUG | https://baseconnect.in:443 "GET /companies/3ccb8770-bd26-43bf-b0fb-0693f8ab4d01 HTTP/1.1" 200 None
2026-03-24 15:07:06,494 | ThreadPoolExecutor-3_14 | DEBUG | https://baseconnect.in:443 "GET /companies/9fcaec85-6e30-4ba8-bfa1-ff42fc65d85c HTTP/1.1" 200 None
2026-03-24 15:07:06,511 | ThreadPoolExecutor-3_25 | DEBUG | https://baseconnect.in:443 "GET /companies/433c01b7-a1f1-4b28-ae80-762681139292 HTTP/1.1" 200 None
2026-03-24 15:07:06,586 | ThreadPoolExecutor-3_11 | DEBUG | https://baseconnect.in:443 "GET /companies/5f21478c-25b6-463c-892c-5669ae366d2c HTTP/1.1" 200 None
2026-03-24 15:07:06,668 | ThreadPoolExecutor-3_10 | DEBUG | https://baseconnect.in:443 "GET /companies/735833a7-4e1b-4b6a-a5bf-2078e7a09fcf HTTP/1.1" 200 None
2026-03-24 15:07:06,796 | ThreadPoolExecutor-3_4 | DEBUG | https://baseconnect.in:443 "GET /companies/bf8816b0-fac0-4dcd-bf9e-01159773c97c HTTP/1.1" 200 None
2026-03-24 15:07:06,835 | ThreadPoolExecutor-3_2 | DEBUG | https://baseconnect.in:443 "GET /companies/7c6ebec0-2188-46a3-8110-8cf7123480c8 HTTP/1.1" 200 None
2026-03-24 15:07:06,997 | ThreadPoolExecutor-3_12 | DEBUG | https://baseconnect.in:443 "GET /companies/7bf56cde-946c-4e6e-b0f6-b9e657ef5806 HTTP/1.1" 200 None
2026-03-24 15:07:07,018 | ThreadPoolExecutor-3_0 | DEBUG | https://baseconnect.in:443 "GET /companies/f4eb664c-1906-45e6-a59f-b0be7ff7a5d3 HTTP/1.1" 200 None
2026-03-24 15:07:07,075 | ThreadPoolExecutor-3_23 | DEBUG | https://baseconnect.in:443 "GET /companies/a9eb0bea-dede-4450-bf7b-b12bb754194c HTTP/1.1" 200 None
2026-03-24 15:07:07,112 | ThreadPoolExecutor-3_20 | DEBUG | https://baseconnect.in:443 "GET /companies/ffcc7bd2-cce8-4e1a-99d9-dd0defb31c14 HTTP/1.1" 200 None
2026-03-24 15:07:07,250 | ThreadPoolExecutor-3_19 | DEBUG | https://baseconnect.in:443 "GET /companies/df27e443-b34f-4253-a36a-840992df36bf HTTP/1.1" 200 None
2026-03-24 15:07:07,326 | ThreadPoolExecutor-3_15 | DEBUG | https://baseconnect.in:443 "GET /companies/187b880b-2eeb-4dd6-ac55-c91350041cd2 HTTP/1.1" 200 None
2026-03-24 15:07:07,347 | ThreadPoolExecutor-3_9 | DEBUG | https://baseconnect.in:443 "GET /companies/ba319524-b7ad-4307-86f8-4d73d81b13b0 HTTP/1.1" 200 None
2026-03-24 15:07:07,383 | ThreadPoolExecutor-3_16 | DEBUG | https://baseconnect.in:443 "GET /companies/b67d7479-5f4a-4935-b770-589e64261673 HTTP/1.1" 200 None
2026-03-24 15:07:07,471 | ThreadPoolExecutor-3_6 | DEBUG | https://baseconnect.in:443 "GET /companies/186ee217-acd0-4b5b-9268-813981bf2cfc HTTP/1.1" 200 None
2026-03-24 15:07:07,472 | ThreadPoolExecutor-3_22 | DEBUG | https://baseconnect.in:443 "GET /companies/62b1c88c-68c0-402f-bc86-de1076544de4 HTTP/1.1" 200 None
2026-03-24 15:07:07,552 | ThreadPoolExecutor-3_18 | DEBUG | https://baseconnect.in:443 "GET /companies/4c5901d0-fef8-4d9e-8198-d2f0776ef53f HTTP/1.1" 200 None
2026-03-24 15:07:07,552 | ThreadPoolExecutor-3_5 | DEBUG | https://baseconnect.in:443 "GET /companies/73f3a07f-2672-4687-9ccb-d72dd062f266 HTTP/1.1" 200 None
2026-03-24 15:07:07,598 | ThreadPoolExecutor-3_21 | DEBUG | https://baseconnect.in:443 "GET /companies/797e03da-bf40-4d17-b283-ddea87e2241e HTTP/1.1" 200 None
2026-03-24 15:07:07,735 | ThreadPoolExecutor-3_13 | DEBUG | https://baseconnect.in:443 "GET /companies/f6e45617-2189-4f69-ab9f-83d6681f0980 HTTP/1.1" 200 None
2026-03-24 15:07:08,164 | MainThread | INFO | --- Processing Page 55/100 ---
2026-03-24 15:07:08,325 | MainThread | DEBUG | https://baseconnect.in:443 "GET /companies/category/78861e23-0990-4878-ab2f-09ee9e9c7080?page=55 HTTP/1.1" 200 None
2026-03-24 15:07:09,756 | ThreadPoolExecutor-4_1 | DEBUG | https://baseconnect.in:443 "GET /companies/db7371f9-adcc-4edd-8963-aa3199b86f1d HTTP/1.1" 200 None
2026-03-24 15:07:09,880 | ThreadPoolExecutor-4_21 | DEBUG | https://baseconnect.in:443 "GET /companies/23c4031e-94db-4725-b78f-2669be253fe6 HTTP/1.1" 200 None
2026-03-24 15:07:09,919 | ThreadPoolExecutor-4_14 | DEBUG | https://baseconnect.in:443 "GET /companies/43d1d067-3186-42a5-8ca3-823192c25c9f HTTP/1.1" 200 None
2026-03-24 15:07:09,926 | ThreadPoolExecutor-4_25 | DEBUG | https://baseconnect.in:443 "GET /companies/fd44084a-ef6c-467f-8301-1ca8950ec0c6 HTTP/1.1" 200 None
2026-03-24 15:07:09,951 | ThreadPoolExecutor-4_0 | DEBUG | https://baseconnect.in:443 "GET /companies/5bea351f-2f00-4c19-bc83-18af72b4c9a7 HTTP/1.1" 200 None
2026-03-24 15:07:09,955 | ThreadPoolExecutor-4_8 | DEBUG | https://baseconnect.in:443 "GET /companies/038a6412-ec77-4d32-aab9-2472a3302d01 HTTP/1.1" 200 None
2026-03-24 15:07:10,034 | ThreadPoolExecutor-4_12 | DEBUG | https://baseconnect.in:443 "GET /companies/7bd5c0c9-a06c-4044-b553-038ed850869a HTTP/1.1" 200 None
2026-03-24 15:07:10,055 | ThreadPoolExecutor-4_22 | DEBUG | https://baseconnect.in:443 "GET /companies/086609a6-eade-4246-aae6-52eec5b95f7c HTTP/1.1" 200 None
2026-03-24 15:07:10,056 | ThreadPoolExecutor-4_4 | DEBUG | https://baseconnect.in:443 "GET /companies/df55f6ce-52da-493b-8686-a1b0c0725a18 HTTP/1.1" 200 None
2026-03-24 15:07:10,070 | ThreadPoolExecutor-4_11 | DEBUG | https://baseconnect.in:443 "GET /companies/81abdbcc-568e-4e4e-8c34-166cae4a98e7 HTTP/1.1" 200 None
2026-03-24 15:07:10,110 | ThreadPoolExecutor-4_7 | DEBUG | https://baseconnect.in:443 "GET /companies/ad17e340-df48-4547-85fe-db465a3133ed HTTP/1.1" 200 None
2026-03-24 15:07:10,124 | ThreadPoolExecutor-4_9 | DEBUG | https://baseconnect.in:443 "GET /companies/5333df0f-f926-4e7c-ba06-e9e4b8b35300 HTTP/1.1" 200 None
2026-03-24 15:07:10,149 | ThreadPoolExecutor-4_16 | DEBUG | https://baseconnect.in:443 "GET /companies/e5863e2b-4236-4681-a45f-ddaa5f202e07 HTTP/1.1" 200 None
2026-03-24 15:07:10,160 | ThreadPoolExecutor-4_23 | DEBUG | https://baseconnect.in:443 "GET /companies/78d7982e-5777-4261-8f68-e7b86dd49d55 HTTP/1.1" 200 None
2026-03-24 15:07:10,183 | ThreadPoolExecutor-4_17 | DEBUG | https://baseconnect.in:443 "GET /companies/b39fa53b-fa11-4368-9a8a-51d6f2997b66 HTTP/1.1" 200 None
2026-03-24 15:07:10,184 | ThreadPoolExecutor-4_10 | DEBUG | https://baseconnect.in:443 "GET /companies/ce6b86e2-63b0-42c1-b971-3ea62c64eb69 HTTP/1.1" 200 None
2026-03-24 15:07:10,244 | ThreadPoolExecutor-4_2 | DEBUG | https://baseconnect.in:443 "GET /companies/87f8b0db-f993-472d-9446-f4bd61dbb8e5 HTTP/1.1" 200 None
2026-03-24 15:07:10,267 | ThreadPoolExecutor-4_24 | DEBUG | https://baseconnect.in:443 "GET /companies/9c6b7c24-a07f-4f1b-bf34-ae89805c0f52 HTTP/1.1" 200 None
2026-03-24 15:07:10,268 | ThreadPoolExecutor-4_13 | DEBUG | https://baseconnect.in:443 "GET /companies/2416ebc7-d274-4de3-a150-495cc684fb16 HTTP/1.1" 200 None
2026-03-24 15:07:10,302 | ThreadPoolExecutor-4_15 | DEBUG | https://baseconnect.in:443 "GET /companies/0cbf6383-0549-4a8e-9dd4-a337dd677649 HTTP/1.1" 200 None
2026-03-24 15:07:10,331 | ThreadPoolExecutor-4_20 | DEBUG | https://baseconnect.in:443 "GET /companies/e1a8b4b6-e8cf-480d-b9cc-7c39645db7ec HTTP/1.1" 200 None
2026-03-24 15:07:10,380 | ThreadPoolExecutor-4_19 | DEBUG | https://baseconnect.in:443 "GET /companies/ea670a99-44ad-4caa-bc18-03e981157e41 HTTP/1.1" 200 None
2026-03-24 15:07:10,410 | ThreadPoolExecutor-4_3 | DEBUG | https://baseconnect.in:443 "GET /companies/e19f0ccf-d74b-46ec-96b4-d6f49547e12e HTTP/1.1" 200 None
2026-03-24 15:07:10,411 | ThreadPoolExecutor-4_5 | DEBUG | https://baseconnect.in:443 "GET /companies/057f0a0d-4eb7-410b-90ea-43a038adcff2 HTTP/1.1" 200 None
2026-03-24 15:07:10,441 | ThreadPoolExecutor-4_6 | DEBUG | https://baseconnect.in:443 "GET /companies/6dc4e83b-3049-4c2d-b49f-1cda3a3086c5 HTTP/1.1" 200 None
2026-03-24 15:07:10,477 | ThreadPoolExecutor-4_18 | DEBUG | https://baseconnect.in:443 "GET /companies/d003508b-35d7-405a-b399-c74c3b2b725c HTTP/1.1" 200 None
2026-03-24 15:07:10,882 | ThreadPoolExecutor-4_1 | DEBUG | https://baseconnect.in:443 "GET /companies/253a90e3-f244-4c65-8c80-1749d37e7bf1 HTTP/1.1" 200 None
2026-03-24 15:07:10,892 | ThreadPoolExecutor-4_8 | DEBUG | https://baseconnect.in:443 "GET /companies/9d88cffb-47f7-47bb-a6aa-366d3df9e524 HTTP/1.1" 200 None
2026-03-24 15:07:11,101 | ThreadPoolExecutor-4_21 | DEBUG | https://baseconnect.in:443 "GET /companies/77c53899-088d-40a7-ac53-3bd59b6519f7 HTTP/1.1" 200 None
2026-03-24 15:07:11,281 | ThreadPoolExecutor-4_9 | DEBUG | https://baseconnect.in:443 "GET /companies/673feacc-3e26-490e-bee8-4eee851ebdc6 HTTP/1.1" 200 None
2026-03-24 15:07:11,286 | ThreadPoolExecutor-4_23 | DEBUG | https://baseconnect.in:443 "GET /companies/9857ac4e-991c-4d6e-97be-76eb1a4dbb63 HTTP/1.1" 200 None
2026-03-24 15:07:11,325 | ThreadPoolExecutor-4_24 | DEBUG | https://baseconnect.in:443 "GET /companies/0669bc57-06fc-4fc8-bfbc-a25aa30033f3 HTTP/1.1" 200 None
2026-03-24 15:07:11,435 | ThreadPoolExecutor-4_22 | DEBUG | https://baseconnect.in:443 "GET /companies/6ed780a3-95c7-43e5-8dce-693395a2b388 HTTP/1.1" 200 None
2026-03-24 15:07:11,548 | ThreadPoolExecutor-4_6 | DEBUG | https://baseconnect.in:443 "GET /companies/b0bc009d-23c5-4320-80b5-97f6af95148d HTTP/1.1" 200 None
2026-03-24 15:07:11,591 | ThreadPoolExecutor-4_25 | DEBUG | https://baseconnect.in:443 "GET /companies/a699e45d-3309-4b2f-8a84-e70ba3fb4a79 HTTP/1.1" 200 None
2026-03-24 15:07:11,722 | ThreadPoolExecutor-4_0 | DEBUG | https://baseconnect.in:443 "GET /companies/6744a607-1f63-4722-9f30-177c85c11a85 HTTP/1.1" 200 None
2026-03-24 15:07:11,740 | ThreadPoolExecutor-4_3 | DEBUG | https://baseconnect.in:443 "GET /companies/07aea741-1168-465e-9f1c-bbefa4ac9263 HTTP/1.1" 200 None
2026-03-24 15:07:11,766 | ThreadPoolExecutor-4_12 | DEBUG | https://baseconnect.in:443 "GET /companies/b0397e6d-b2c1-4859-9dd3-0b4ca889cdae HTTP/1.1" 200 None
2026-03-24 15:07:11,766 | ThreadPoolExecutor-4_18 | DEBUG | https://baseconnect.in:443 "GET /companies/08171d0c-f161-4c9b-bf41-fafd4c005e4b HTTP/1.1" 200 None
2026-03-24 15:07:11,770 | ThreadPoolExecutor-4_10 | DEBUG | https://baseconnect.in:443 "GET /companies/f64fed21-c3f2-4c4b-a917-35aed20cde10 HTTP/1.1" 200 None
2026-03-24 15:07:11,822 | ThreadPoolExecutor-4_14 | DEBUG | https://baseconnect.in:443 "GET /companies/067dbbe2-4436-42e7-ba7d-ec6d88052727 HTTP/1.1" 200 None
2026-03-24 15:07:11,859 | ThreadPoolExecutor-4_20 | DEBUG | https://baseconnect.in:443 "GET /companies/da55ee1f-4b1d-4a92-a094-66134420d28b HTTP/1.1" 200 None
2026-03-24 15:07:11,894 | ThreadPoolExecutor-4_5 | DEBUG | https://baseconnect.in:443 "GET /companies/f283b579-67c5-4d90-9dab-1778810aad40 HTTP/1.1" 200 None
2026-03-24 15:07:11,952 | ThreadPoolExecutor-4_13 | DEBUG | https://baseconnect.in:443 "GET /companies/db69f117-81f5-4229-869f-b412bea13ec8 HTTP/1.1" 200 None
2026-03-24 15:07:11,972 | ThreadPoolExecutor-4_1 | DEBUG | https://baseconnect.in:443 "GET /companies/5e85a22c-e8df-4d2e-a94a-44a9f837e4e0 HTTP/1.1" 200 None
2026-03-24 15:07:11,973 | ThreadPoolExecutor-4_16 | DEBUG | https://baseconnect.in:443 "GET /companies/a1d298a1-e26c-4ffb-b7a8-34f55829f900 HTTP/1.1" 200 None
2026-03-24 15:07:11,992 | ThreadPoolExecutor-4_11 | DEBUG | https://baseconnect.in:443 "GET /companies/2097b20f-e667-418a-878a-511463b3983b HTTP/1.1" 200 None
2026-03-24 15:07:12,112 | ThreadPoolExecutor-4_7 | DEBUG | https://baseconnect.in:443 "GET /companies/200655b6-5ceb-43bd-a99e-862efd11b84b HTTP/1.1" 200 None
2026-03-24 15:07:12,207 | ThreadPoolExecutor-4_4 | DEBUG | https://baseconnect.in:443 "GET /companies/f06b3030-c1ce-4a4b-8bdd-903a42e88f7f HTTP/1.1" 200 None
2026-03-24 15:07:12,359 | ThreadPoolExecutor-4_17 | DEBUG | https://baseconnect.in:443 "GET /companies/a70cea40-a94c-4295-bf88-7d0ead37201d HTTP/1.1" 200 None
2026-03-24 15:07:12,554 | MainThread | INFO | --- Processing Page 56/100 ---
2026-03-24 15:07:12,715 | MainThread | DEBUG | https://baseconnect.in:443 "GET /companies/category/78861e23-0990-4878-ab2f-09ee9e9c7080?page=56 HTTP/1.1" 200 None
2026-03-24 15:07:14,540 | ThreadPoolExecutor-5_22 | DEBUG | https://baseconnect.in:443 "GET /companies/8d41fe4c-7882-43df-8400-2c398dcf8181 HTTP/1.1" 200 None
2026-03-24 15:07:14,572 | ThreadPoolExecutor-5_8 | DEBUG | https://baseconnect.in:443 "GET /companies/6c769991-ab51-47ea-a02f-88ba19f4db3b HTTP/1.1" 200 None
2026-03-24 15:07:14,657 | ThreadPoolExecutor-5_15 | DEBUG | https://baseconnect.in:443 "GET /companies/05057b60-28f4-434f-88f3-d9e56f5866fd HTTP/1.1" 200 None
2026-03-24 15:07:14,682 | ThreadPoolExecutor-5_7 | DEBUG | https://baseconnect.in:443 "GET /companies/fae8dc71-0837-49a3-b9d3-e43d490094fd HTTP/1.1" 200 None
2026-03-24 15:07:14,683 | ThreadPoolExecutor-5_6 | DEBUG | https://baseconnect.in:443 "GET /companies/a90f033c-61a0-4dfd-934f-ffc52c54958e HTTP/1.1" 200 None
2026-03-24 15:07:14,710 | ThreadPoolExecutor-5_4 | DEBUG | https://baseconnect.in:443 "GET /companies/21b5f521-d11e-4a81-b9d5-1b16e90b62fa HTTP/1.1" 200 None
2026-03-24 15:07:14,746 | ThreadPoolExecutor-5_20 | DEBUG | https://baseconnect.in:443 "GET /companies/c759a714-45d1-4f77-9c83-2aed9e04a057 HTTP/1.1" 200 None
2026-03-24 15:07:14,750 | ThreadPoolExecutor-5_5 | DEBUG | https://baseconnect.in:443 "GET /companies/f4c0db96-cfeb-4d54-a9dd-5c0d25d42733 HTTP/1.1" 200 None
2026-03-24 15:07:14,781 | ThreadPoolExecutor-5_2 | DEBUG | https://baseconnect.in:443 "GET /companies/23069d69-d440-4e7f-92a8-3d40e406fec0 HTTP/1.1" 200 None
2026-03-24 15:07:14,814 | ThreadPoolExecutor-5_23 | DEBUG | https://baseconnect.in:443 "GET /companies/e7cc2362-cc9c-4b10-839b-1be610eeaa90 HTTP/1.1" 200 None
2026-03-24 15:07:14,837 | ThreadPoolExecutor-5_0 | DEBUG | https://baseconnect.in:443 "GET /companies/88da0117-b972-443f-8d95-116cfde65286 HTTP/1.1" 200 None
2026-03-24 15:07:14,895 | ThreadPoolExecutor-5_1 | DEBUG | https://baseconnect.in:443 "GET /companies/411b2148-d808-4e3f-8fe6-652b2ac2c60d HTTP/1.1" 200 None
2026-03-24 15:07:14,916 | ThreadPoolExecutor-5_19 | DEBUG | https://baseconnect.in:443 "GET /companies/1d718932-01e2-454e-8567-ef7b7ab6dd92 HTTP/1.1" 200 None
2026-03-24 15:07:14,933 | ThreadPoolExecutor-5_18 | DEBUG | https://baseconnect.in:443 "GET /companies/dd647011-50d7-4f92-af00-3eb0967da844 HTTP/1.1" 200 None
2026-03-24 15:07:14,944 | ThreadPoolExecutor-5_21 | DEBUG | https://baseconnect.in:443 "GET /companies/e2e82297-3ad6-43d7-8771-1d68cea3cd21 HTTP/1.1" 200 None
2026-03-24 15:07:14,965 | ThreadPoolExecutor-5_17 | DEBUG | https://baseconnect.in:443 "GET /companies/9d39cc90-a8e6-4111-81bd-a9a04e4cb23a HTTP/1.1" 200 None
2026-03-24 15:07:14,986 | ThreadPoolExecutor-5_12 | DEBUG | https://baseconnect.in:443 "GET /companies/182fdf2f-1159-4e7e-9722-f5c7bb14c902 HTTP/1.1" 200 None
2026-03-24 15:07:15,027 | ThreadPoolExecutor-5_11 | DEBUG | https://baseconnect.in:443 "GET /companies/941e1408-54f8-41a9-b63e-b3f352d6beb1 HTTP/1.1" 200 None
2026-03-24 15:07:15,034 | ThreadPoolExecutor-5_9 | DEBUG | https://baseconnect.in:443 "GET /companies/c01692ef-c232-48ac-b749-7a5b19192067 HTTP/1.1" 200 None
2026-03-24 15:07:15,039 | ThreadPoolExecutor-5_25 | DEBUG | https://baseconnect.in:443 "GET /companies/d91c6b88-4243-47de-abee-0111b9f81a44 HTTP/1.1" 200 None
2026-03-24 15:07:15,128 | ThreadPoolExecutor-5_16 | DEBUG | https://baseconnect.in:443 "GET /companies/9f19dd8b-87fc-45e0-8990-d743628be4d5 HTTP/1.1" 200 None
2026-03-24 15:07:15,219 | ThreadPoolExecutor-5_14 | DEBUG | https://baseconnect.in:443 "GET /companies/7a073194-5bae-44cb-a258-5524fd426944 HTTP/1.1" 200 None
2026-03-24 15:07:15,220 | ThreadPoolExecutor-5_10 | DEBUG | https://baseconnect.in:443 "GET /companies/1130f15a-96f2-49b7-98a9-8e92db3489ec HTTP/1.1" 200 None
2026-03-24 15:07:15,232 | ThreadPoolExecutor-5_24 | DEBUG | https://baseconnect.in:443 "GET /companies/0ab83e57-1929-4683-9873-cf02b83d48b6 HTTP/1.1" 200 None
2026-03-24 15:07:15,233 | ThreadPoolExecutor-5_3 | DEBUG | https://baseconnect.in:443 "GET /companies/b1519177-7cbf-4b02-af59-26f076998ea1 HTTP/1.1" 200 None
2026-03-24 15:07:15,408 | ThreadPoolExecutor-5_13 | DEBUG | https://baseconnect.in:443 "GET /companies/9d3f6f2e-1d4c-4071-bbdf-c24982631493 HTTP/1.1" 200 None
2026-03-24 15:07:15,771 | ThreadPoolExecutor-5_8 | DEBUG | https://baseconnect.in:443 "GET /companies/5a685349-5efd-4b7f-93e3-3cc7ad9f3830 HTTP/1.1" 200 None
2026-03-24 15:07:15,779 | ThreadPoolExecutor-5_22 | DEBUG | https://baseconnect.in:443 "GET /companies/4b9b4be4-479f-4951-8fb5-892d52ae5da2 HTTP/1.1" 200 None
2026-03-24 15:07:15,869 | ThreadPoolExecutor-5_23 | DEBUG | https://baseconnect.in:443 "GET /companies/5e5cc814-e81c-44ef-97ec-855fc33b017f HTTP/1.1" 200 None
2026-03-24 15:07:15,959 | ThreadPoolExecutor-5_6 | DEBUG | https://baseconnect.in:443 "GET /companies/c3af5132-6cce-4fca-afec-da8658152566 HTTP/1.1" 200 None
2026-03-24 15:07:16,091 | ThreadPoolExecutor-5_4 | DEBUG | https://baseconnect.in:443 "GET /companies/ad62162b-75cf-4e73-b1b3-9f59b617924c HTTP/1.1" 200 None
2026-03-24 15:07:16,138 | ThreadPoolExecutor-5_15 | DEBUG | https://baseconnect.in:443 "GET /companies/888cea05-e5ce-4bf0-81c5-69b862ee9f16 HTTP/1.1" 200 None
2026-03-24 15:07:16,223 | ThreadPoolExecutor-5_20 | DEBUG | https://baseconnect.in:443 "GET /companies/04631725-d518-4c7d-b905-1b3b87fcc553 HTTP/1.1" 200 None
2026-03-24 15:07:16,279 | ThreadPoolExecutor-5_5 | DEBUG | https://baseconnect.in:443 "GET /companies/c4c7d7da-6b2d-4e0b-8072-18af308c6f6f HTTP/1.1" 200 None
2026-03-24 15:07:16,300 | ThreadPoolExecutor-5_9 | DEBUG | https://baseconnect.in:443 "GET /companies/d247e69d-5b72-46c2-8eda-922966fe01db HTTP/1.1" 200 None
2026-03-24 15:07:16,305 | ThreadPoolExecutor-5_7 | DEBUG | https://baseconnect.in:443 "GET /companies/10c88d18-ad28-4c59-8c70-a2b25c3889d2 HTTP/1.1" 200 None
2026-03-24 15:07:16,456 | ThreadPoolExecutor-5_14 | DEBUG | https://baseconnect.in:443 "GET /companies/7a00d52d-26ee-4b77-a13b-7246e39b4b6b HTTP/1.1" 200 None
2026-03-24 15:07:16,503 | ThreadPoolExecutor-5_11 | DEBUG | https://baseconnect.in:443 "GET /companies/f31b6595-f706-43a8-ab46-8df6d847d924 HTTP/1.1" 200 None
2026-03-24 15:07:16,521 | ThreadPoolExecutor-5_25 | DEBUG | https://baseconnect.in:443 "GET /companies/0b79b658-173e-43b4-84ed-303a893c3b7e HTTP/1.1" 200 None
2026-03-24 15:07:16,525 | ThreadPoolExecutor-5_21 | DEBUG | https://baseconnect.in:443 "GET /companies/c8edb6dd-5537-46eb-9504-a546df4b5765 HTTP/1.1" 200 None
2026-03-24 15:07:16,607 | ThreadPoolExecutor-5_19 | DEBUG | https://baseconnect.in:443 "GET /companies/6727538b-bcf2-4239-8bf2-f299b1c9b9aa HTTP/1.1" 200 None
2026-03-24 15:07:16,666 | ThreadPoolExecutor-5_12 | DEBUG | https://baseconnect.in:443 "GET /companies/2c29c49a-87cd-415c-aa57-374f73f046ef HTTP/1.1" 200 None
2026-03-24 15:07:16,678 | ThreadPoolExecutor-5_3 | DEBUG | https://baseconnect.in:443 "GET /companies/e4681241-9f16-4fdb-85ba-764cf714819d HTTP/1.1" 200 None
2026-03-24 15:07:16,727 | ThreadPoolExecutor-5_16 | DEBUG | https://baseconnect.in:443 "GET /companies/8d4c3309-9a74-4bf4-909e-9de93c9f181c HTTP/1.1" 200 None
2026-03-24 15:07:16,770 | ThreadPoolExecutor-5_2 | DEBUG | https://baseconnect.in:443 "GET /companies/5042f4ff-a578-48e7-b02a-b0c92a254897 HTTP/1.1" 200 None
2026-03-24 15:07:16,788 | ThreadPoolExecutor-5_1 | DEBUG | https://baseconnect.in:443 "GET /companies/6c487300-3e91-489a-adf6-1f7650674311 HTTP/1.1" 200 None
2026-03-24 15:07:16,832 | ThreadPoolExecutor-5_17 | DEBUG | https://baseconnect.in:443 "GET /companies/01fc0f97-9081-4763-8d53-e0f0d246906c HTTP/1.1" 200 None
2026-03-24 15:07:16,903 | ThreadPoolExecutor-5_24 | DEBUG | https://baseconnect.in:443 "GET /companies/0594363c-b015-476d-b6ee-383e708c2b08 HTTP/1.1" 200 None
2026-03-24 15:07:17,056 | ThreadPoolExecutor-5_18 | DEBUG | https://baseconnect.in:443 "GET /companies/6a2b3017-dd65-47ed-94de-6a0a4c8bd835 HTTP/1.1" 200 None
2026-03-24 15:07:17,146 | ThreadPoolExecutor-5_10 | DEBUG | https://baseconnect.in:443 "GET /companies/e9088bf8-74e2-48f9-8971-3256e2fd0f40 HTTP/1.1" 200 None
2026-03-24 15:07:17,380 | MainThread | INFO | --- Processing Page 57/100 ---
2026-03-24 15:07:17,535 | MainThread | DEBUG | https://baseconnect.in:443 "GET /companies/category/78861e23-0990-4878-ab2f-09ee9e9c7080?page=57 HTTP/1.1" 200 None
2026-03-24 15:07:19,087 | ThreadPoolExecutor-6_12 | DEBUG | https://baseconnect.in:443 "GET /companies/239687a9-00f9-474d-b9af-4286ed25e7c0 HTTP/1.1" 200 None
2026-03-24 15:07:19,105 | ThreadPoolExecutor-6_14 | DEBUG | https://baseconnect.in:443 "GET /companies/c51f2447-f0e9-4fd4-a347-b8124aec6c27 HTTP/1.1" 200 None
2026-03-24 15:07:19,105 | ThreadPoolExecutor-6_6 | DEBUG | https://baseconnect.in:443 "GET /companies/5011849c-2922-4a3c-ba14-1d0661932ea7 HTTP/1.1" 200 None
2026-03-24 15:07:19,118 | ThreadPoolExecutor-6_9 | DEBUG | https://baseconnect.in:443 "GET /companies/f2abfcc5-f901-4459-9668-86b43c03b82b HTTP/1.1" 200 None
2026-03-24 15:07:19,179 | ThreadPoolExecutor-6_0 | DEBUG | https://baseconnect.in:443 "GET /companies/16987be0-6699-40b7-9a37-76460e9a16cb HTTP/1.1" 200 None
2026-03-24 15:07:19,231 | ThreadPoolExecutor-6_1 | DEBUG | https://baseconnect.in:443 "GET /companies/378f6685-82d7-4e26-bb90-3496db668458 HTTP/1.1" 200 None
2026-03-24 15:07:19,239 | ThreadPoolExecutor-6_21 | DEBUG | https://baseconnect.in:443 "GET /companies/1b61e6a3-3a8c-4ede-b912-3382fe7e9c90 HTTP/1.1" 200 None
2026-03-24 15:07:19,292 | ThreadPoolExecutor-6_25 | DEBUG | https://baseconnect.in:443 "GET /companies/51295006-7a47-4db7-9bdc-352db084478f HTTP/1.1" 200 None
2026-03-24 15:07:19,293 | ThreadPoolExecutor-6_5 | DEBUG | https://baseconnect.in:443 "GET /companies/7dc51ec6-25b1-4eb3-8e0d-49e29b531f14 HTTP/1.1" 200 None
2026-03-24 15:07:19,314 | ThreadPoolExecutor-6_3 | DEBUG | https://baseconnect.in:443 "GET /companies/18b24a3e-9d01-4a3e-9f3f-7e1f41b704a8 HTTP/1.1" 200 None
2026-03-24 15:07:19,316 | ThreadPoolExecutor-6_7 | DEBUG | https://baseconnect.in:443 "GET /companies/641a9f31-7524-4c5f-a91f-4aa2689e85d7 HTTP/1.1" 200 None
2026-03-24 15:07:19,425 | ThreadPoolExecutor-6_16 | DEBUG | https://baseconnect.in:443 "GET /companies/2b87a224-a1ce-4af8-a628-6123a72c4484 HTTP/1.1" 200 None
2026-03-24 15:07:19,427 | ThreadPoolExecutor-6_22 | DEBUG | https://baseconnect.in:443 "GET /companies/0fd2b64d-edcd-4553-85c2-ec47ae7321cc HTTP/1.1" 200 None
2026-03-24 15:07:19,452 | ThreadPoolExecutor-6_18 | DEBUG | https://baseconnect.in:443 "GET /companies/05438b14-67bd-4124-b7b0-253dbf5a2252 HTTP/1.1" 200 None
2026-03-24 15:07:19,485 | ThreadPoolExecutor-6_17 | DEBUG | https://baseconnect.in:443 "GET /companies/555365c5-7d84-460d-af2d-d4a5f38d7cac HTTP/1.1" 200 None
2026-03-24 15:07:19,489 | ThreadPoolExecutor-6_20 | DEBUG | https://baseconnect.in:443 "GET /companies/dde3d442-752a-4b8f-afc8-447e685709ee HTTP/1.1" 200 None
2026-03-24 15:07:19,493 | ThreadPoolExecutor-6_13 | DEBUG | https://baseconnect.in:443 "GET /companies/64073c18-e166-44ef-b45d-9ab68b7ad446 HTTP/1.1" 200 None
2026-03-24 15:07:19,604 | ThreadPoolExecutor-6_19 | DEBUG | https://baseconnect.in:443 "GET /companies/f5e18091-8fe0-4434-8b14-36b8efa33e05 HTTP/1.1" 200 None
2026-03-24 15:07:19,648 | ThreadPoolExecutor-6_2 | DEBUG | https://baseconnect.in:443 "GET /companies/1f162e04-649a-4bcd-912d-af9c1470b163 HTTP/1.1" 200 None
2026-03-24 15:07:19,689 | ThreadPoolExecutor-6_10 | DEBUG | https://baseconnect.in:443 "GET /companies/caa009eb-d62f-4eb6-9474-9172ff165168 HTTP/1.1" 200 None
2026-03-24 15:07:19,689 | ThreadPoolExecutor-6_8 | DEBUG | https://baseconnect.in:443 "GET /companies/dbb0d0fc-9e31-4e94-a0ab-d781d716a59c HTTP/1.1" 200 None
2026-03-24 15:07:19,720 | ThreadPoolExecutor-6_23 | DEBUG | https://baseconnect.in:443 "GET /companies/41679fa6-ba8c-41b9-ba96-07dcc6b4d9bc HTTP/1.1" 200 None
2026-03-24 15:07:19,840 | ThreadPoolExecutor-6_11 | DEBUG | https://baseconnect.in:443 "GET /companies/0cbb9df9-a4b9-4f07-a166-312f92f148ea HTTP/1.1" 200 None
2026-03-24 15:07:19,849 | ThreadPoolExecutor-6_15 | DEBUG | https://baseconnect.in:443 "GET /companies/53885faa-7177-4651-8fbd-7328833b0f30 HTTP/1.1" 200 None
2026-03-24 15:07:20,111 | ThreadPoolExecutor-6_24 | DEBUG | https://baseconnect.in:443 "GET /companies/ff25a748-3cfc-4260-a899-6a19f4ab7579 HTTP/1.1" 200 None
2026-03-24 15:07:20,138 | ThreadPoolExecutor-6_4 | DEBUG | https://baseconnect.in:443 "GET /companies/4fba38e6-f973-4b79-a871-c4296418c1aa HTTP/1.1" 200 None
2026-03-24 15:07:20,332 | ThreadPoolExecutor-6_9 | DEBUG | https://baseconnect.in:443 "GET /companies/8789f997-4584-4bcf-a66b-1e6a1f8ecb36 HTTP/1.1" 200 None
2026-03-24 15:07:20,666 | ThreadPoolExecutor-6_12 | DEBUG | https://baseconnect.in:443 "GET /companies/3d9799c5-068b-4f4d-88a9-5bec15b7f1f2 HTTP/1.1" 200 None
2026-03-24 15:07:20,717 | ThreadPoolExecutor-6_6 | DEBUG | https://baseconnect.in:443 "GET /companies/9af5af22-9e7c-4840-9f6f-dda28ff5b690 HTTP/1.1" 200 None
2026-03-24 15:07:20,754 | ThreadPoolExecutor-6_20 | DEBUG | https://baseconnect.in:443 "GET /companies/732d60d8-b2d9-41f8-83cf-2de560998d51 HTTP/1.1" 200 None
2026-03-24 15:07:20,826 | ThreadPoolExecutor-6_21 | DEBUG | https://baseconnect.in:443 "GET /companies/ac19451a-6e85-44ce-87d3-cd0e9d06b3c6 HTTP/1.1" 200 None
2026-03-24 15:07:20,953 | ThreadPoolExecutor-6_25 | DEBUG | https://baseconnect.in:443 "GET /companies/f382ab8f-9c87-4ceb-b285-6fec9e237048 HTTP/1.1" 200 None
2026-03-24 15:07:21,012 | ThreadPoolExecutor-6_22 | DEBUG | https://baseconnect.in:443 "GET /companies/02208be0-4b4b-489b-b82d-c674674db782 HTTP/1.1" 200 None
2026-03-24 15:07:21,050 | ThreadPoolExecutor-6_16 | DEBUG | https://baseconnect.in:443 "GET /companies/2c572962-1a8f-4519-8355-0f871a816e0f HTTP/1.1" 200 None
2026-03-24 15:07:21,050 | ThreadPoolExecutor-6_13 | DEBUG | https://baseconnect.in:443 "GET /companies/2a7bde32-02f6-4265-b17b-04906690864a HTTP/1.1" 200 None
2026-03-24 15:07:21,086 | ThreadPoolExecutor-6_17 | DEBUG | https://baseconnect.in:443 "GET /companies/85fb3dd6-56d7-47df-9b3b-7ed0639f153c HTTP/1.1" 200 None
2026-03-24 15:07:21,141 | ThreadPoolExecutor-6_7 | DEBUG | https://baseconnect.in:443 "GET /companies/1ec6e8e3-6e96-4550-8c04-61f0345cb031 HTTP/1.1" 200 None
2026-03-24 15:07:21,189 | ThreadPoolExecutor-6_23 | DEBUG | https://baseconnect.in:443 "GET /companies/b8673891-880d-4de6-ab17-50ad60985ff5 HTTP/1.1" 200 None
2026-03-24 15:07:21,236 | ThreadPoolExecutor-6_3 | DEBUG | https://baseconnect.in:443 "GET /companies/ea82f6c2-2821-49df-a4ab-048cea8fbb71 HTTP/1.1" 200 None
2026-03-24 15:07:21,275 | ThreadPoolExecutor-6_8 | DEBUG | https://baseconnect.in:443 "GET /companies/4b87b8bb-02f8-4430-a723-d04b9eff15fd HTTP/1.1" 200 None
2026-03-24 15:07:21,298 | ThreadPoolExecutor-6_24 | DEBUG | https://baseconnect.in:443 "GET /companies/2b8f8e3c-50b7-4da8-a14b-3a8ef91584c5 HTTP/1.1" 200 None
2026-03-24 15:07:21,335 | ThreadPoolExecutor-6_11 | DEBUG | https://baseconnect.in:443 "GET /companies/035a1139-0573-4a72-b338-f51efdfb18f4 HTTP/1.1" 200 None
2026-03-24 15:07:21,390 | ThreadPoolExecutor-6_10 | DEBUG | https://baseconnect.in:443 "GET /companies/1ed0d2b0-5c5c-4ce8-8820-aab8423d2215 HTTP/1.1" 200 None
2026-03-24 15:07:21,527 | ThreadPoolExecutor-6_0 | DEBUG | https://baseconnect.in:443 "GET /companies/24bf324d-1e98-4fac-b2ec-06aaf5f89052 HTTP/1.1" 200 None
2026-03-24 15:07:21,735 | ThreadPoolExecutor-6_20 | DEBUG | https://baseconnect.in:443 "GET /companies/3a4c262a-c8c6-4ba7-8e1e-9e3223ffefa6 HTTP/1.1" 200 None
2026-03-24 15:07:21,858 | ThreadPoolExecutor-6_1 | DEBUG | https://baseconnect.in:443 "GET /companies/0785db5c-f2ee-43c2-aeb5-9dedfbbc7dbf HTTP/1.1" 200 None
2026-03-24 15:07:21,917 | ThreadPoolExecutor-6_2 | DEBUG | https://baseconnect.in:443 "GET /companies/2ff2d677-ac4b-4306-825b-f214982a4cc7 HTTP/1.1" 200 None
2026-03-24 15:07:22,043 | ThreadPoolExecutor-6_5 | DEBUG | https://baseconnect.in:443 "GET /companies/3ff4f4a2-6a1a-4b52-b4b1-1e7a37675d5c HTTP/1.1" 200 None
2026-03-24 15:07:22,047 | ThreadPoolExecutor-6_14 | DEBUG | https://baseconnect.in:443 "GET /companies/843639ac-f9a3-4a7b-8255-1ffe4ad8c2b2 HTTP/1.1" 200 None
2026-03-24 15:07:22,068 | ThreadPoolExecutor-6_4 | DEBUG | https://baseconnect.in:443 "GET /companies/ccd582f0-73d5-414c-afdf-88aa23c5c59e HTTP/1.1" 200 None
2026-03-24 15:07:23,064 | MainThread | INFO | --- Processing Page 58/100 ---
2026-03-24 15:07:23,221 | MainThread | DEBUG | https://baseconnect.in:443 "GET /companies/category/78861e23-0990-4878-ab2f-09ee9e9c7080?page=58 HTTP/1.1" 200 None
2026-03-24 15:07:25,159 | ThreadPoolExecutor-7_0 | DEBUG | https://baseconnect.in:443 "GET /companies/5c02d657-75e1-46c6-a818-64924730cdd9 HTTP/1.1" 200 None
2026-03-24 15:07:25,224 | ThreadPoolExecutor-7_8 | DEBUG | https://baseconnect.in:443 "GET /companies/d3905c2e-683a-4f46-b30f-02667e4318b9 HTTP/1.1" 200 None
2026-03-24 15:07:25,226 | ThreadPoolExecutor-7_22 | DEBUG | https://baseconnect.in:443 "GET /companies/9b227f69-51ab-46da-a498-a089a2f636e0 HTTP/1.1" 200 None
2026-03-24 15:07:25,277 | ThreadPoolExecutor-7_11 | DEBUG | https://baseconnect.in:443 "GET /companies/c0b503d9-10e3-4cb9-b6b0-a5b314bd2750 HTTP/1.1" 200 None
2026-03-24 15:07:25,320 | ThreadPoolExecutor-7_20 | DEBUG | https://baseconnect.in:443 "GET /companies/ae0f0a94-54d6-4b27-9e13-f92021c8d6d6 HTTP/1.1" 200 None
2026-03-24 15:07:25,376 | ThreadPoolExecutor-7_21 | DEBUG | https://baseconnect.in:443 "GET /companies/a55b3b04-4ab2-48d0-a4fb-9d67717161f1 HTTP/1.1" 200 None
2026-03-24 15:07:25,411 | ThreadPoolExecutor-7_15 | DEBUG | https://baseconnect.in:443 "GET /companies/10db872c-30df-431f-849b-2f2ebc0df8ca HTTP/1.1" 200 None
2026-03-24 15:07:25,528 | ThreadPoolExecutor-7_6 | DEBUG | https://baseconnect.in:443 "GET /companies/54c1dc42-042b-4c62-baa8-ea6af2f6df8a HTTP/1.1" 200 None
2026-03-24 15:07:25,559 | ThreadPoolExecutor-7_4 | DEBUG | https://baseconnect.in:443 "GET /companies/d4a035f0-5e36-4677-90fb-79b6b95bfcf3 HTTP/1.1" 200 None
2026-03-24 15:07:25,606 | ThreadPoolExecutor-7_18 | DEBUG | https://baseconnect.in:443 "GET /companies/b826c29a-a327-4789-be87-3b47261fece9 HTTP/1.1" 200 None
2026-03-24 15:07:25,628 | ThreadPoolExecutor-7_16 | DEBUG | https://baseconnect.in:443 "GET /companies/aa8a3bbf-0bc9-4f49-bd90-0da78ad3e3f7 HTTP/1.1" 200 None
2026-03-24 15:07:25,629 | ThreadPoolExecutor-7_25 | DEBUG | https://baseconnect.in:443 "GET /companies/9133cfc8-b89f-41fd-8f43-0ce9eab422bb HTTP/1.1" 200 None
2026-03-24 15:07:25,655 | ThreadPoolExecutor-7_23 | DEBUG | https://baseconnect.in:443 "GET /companies/08dedca7-e45a-4686-b5fa-7e88d24beec4 HTTP/1.1" 200 None
2026-03-24 15:07:25,700 | ThreadPoolExecutor-7_13 | DEBUG | https://baseconnect.in:443 "GET /companies/f647dbbb-f85f-43f4-bd2f-cb85354686e3 HTTP/1.1" 200 None
2026-03-24 15:07:25,757 | ThreadPoolExecutor-7_2 | DEBUG | https://baseconnect.in:443 "GET /companies/7634cb57-3d45-40dd-a5dc-265ddbebcdf5 HTTP/1.1" 200 None
2026-03-24 15:07:25,814 | ThreadPoolExecutor-7_3 | DEBUG | https://baseconnect.in:443 "GET /companies/04083bb4-230f-4d8a-b9b4-c10b8f0ff5bc HTTP/1.1" 200 None
2026-03-24 15:07:25,876 | ThreadPoolExecutor-7_17 | DEBUG | https://baseconnect.in:443 "GET /companies/c5070d27-4583-4c6d-8cc3-bc4da8a8eb41 HTTP/1.1" 200 None
2026-03-24 15:07:25,901 | ThreadPoolExecutor-7_5 | DEBUG | https://baseconnect.in:443 "GET /companies/35787401-67db-446d-9e43-8a0047106c1c HTTP/1.1" 200 None
2026-03-24 15:07:25,943 | ThreadPoolExecutor-7_1 | DEBUG | https://baseconnect.in:443 "GET /companies/ddde3082-33cc-4a5c-ad1b-ae67b19434e8 HTTP/1.1" 200 None
2026-03-24 15:07:25,961 | ThreadPoolExecutor-7_19 | DEBUG | https://baseconnect.in:443 "GET /companies/8ba1f6d9-3989-4d60-82e6-d718cf657430 HTTP/1.1" 200 None
2026-03-24 15:07:25,962 | ThreadPoolExecutor-7_14 | DEBUG | https://baseconnect.in:443 "GET /companies/89d6aba5-4b38-455e-bb06-9beb3baee157 HTTP/1.1" 200 None
2026-03-24 15:07:26,007 | ThreadPoolExecutor-7_7 | DEBUG | https://baseconnect.in:443 "GET /companies/52c2c6fc-8c4a-4efc-b17f-de45f22642be HTTP/1.1" 200 None
2026-03-24 15:07:26,016 | ThreadPoolExecutor-7_24 | DEBUG | https://baseconnect.in:443 "GET /companies/0e30eaec-ae89-482d-8f78-a675740a192a HTTP/1.1" 200 None
2026-03-24 15:07:26,022 | ThreadPoolExecutor-7_12 | DEBUG | https://baseconnect.in:443 "GET /companies/4b8773f2-7d6c-4b05-8cee-1f7dff07b77b HTTP/1.1" 200 None
2026-03-24 15:07:26,043 | ThreadPoolExecutor-7_9 | DEBUG | https://baseconnect.in:443 "GET /companies/b361a065-ee94-4809-b223-14d2b454954c HTTP/1.1" 200 None
2026-03-24 15:07:26,115 | ThreadPoolExecutor-7_10 | DEBUG | https://baseconnect.in:443 "GET /companies/b1e303fc-f8ba-4041-bbe3-e2f8b044b986 HTTP/1.1" 200 None
2026-03-24 15:07:26,555 | ThreadPoolExecutor-7_8 | DEBUG | https://baseconnect.in:443 "GET /companies/57fa7392-3c6e-473a-89ba-7c5ffbdd1a6e HTTP/1.1" 200 None
2026-03-24 15:07:26,556 | ThreadPoolExecutor-7_22 | DEBUG | https://baseconnect.in:443 "GET /companies/55da2196-0487-4fa2-9814-b8a9c72512bc HTTP/1.1" 200 None
2026-03-24 15:07:26,604 | ThreadPoolExecutor-7_20 | DEBUG | https://baseconnect.in:443 "GET /companies/4e296b17-bc71-45fe-b234-1fb9f5f65463 HTTP/1.1" 200 None
2026-03-24 15:07:26,752 | ThreadPoolExecutor-7_15 | DEBUG | https://baseconnect.in:443 "GET /companies/d668e28d-e45c-4db6-a983-83c32de97a1a HTTP/1.1" 200 None
2026-03-24 15:07:26,950 | ThreadPoolExecutor-7_23 | DEBUG | https://baseconnect.in:443 "GET /companies/673d67ee-f172-4e35-8a00-cf011b8de2ee HTTP/1.1" 200 None
2026-03-24 15:07:27,018 | ThreadPoolExecutor-7_24 | DEBUG | https://baseconnect.in:443 "GET /companies/aec200e1-03ca-40e3-9ec4-e52594730e24 HTTP/1.1" 200 None
2026-03-24 15:07:27,135 | ThreadPoolExecutor-7_16 | DEBUG | https://baseconnect.in:443 "GET /companies/f113ab7c-662f-4f57-84ad-2ec03e37efd6 HTTP/1.1" 200 None
2026-03-24 15:07:27,143 | ThreadPoolExecutor-7_5 | DEBUG | https://baseconnect.in:443 "GET /companies/af5efae9-cb05-4593-b0a0-2e7c1a55ac05 HTTP/1.1" 200 None
2026-03-24 15:07:27,153 | ThreadPoolExecutor-7_2 | DEBUG | https://baseconnect.in:443 "GET /companies/93856bf9-b686-4cee-959e-6e3984798e22 HTTP/1.1" 200 None
2026-03-24 15:07:27,273 | ThreadPoolExecutor-7_18 | DEBUG | https://baseconnect.in:443 "GET /companies/c68034a1-3126-458d-adf7-07a8351be7c8 HTTP/1.1" 200 None
2026-03-24 15:07:27,295 | ThreadPoolExecutor-7_10 | DEBUG | https://baseconnect.in:443 "GET /companies/3c1da0ff-ded3-41e9-b7f8-9fd8cb481196 HTTP/1.1" 200 None
2026-03-24 15:07:27,363 | ThreadPoolExecutor-7_11 | DEBUG | https://baseconnect.in:443 "GET /companies/a22d2d44-9963-4f30-97d3-1daae09e61e2 HTTP/1.1" 200 None
2026-03-24 15:07:27,393 | ThreadPoolExecutor-7_12 | DEBUG | https://baseconnect.in:443 "GET /companies/4ab31f9a-1173-471c-bc5b-45a232a8a77b HTTP/1.1" 200 None
2026-03-24 15:07:27,441 | ThreadPoolExecutor-7_6 | DEBUG | https://baseconnect.in:443 "GET /companies/bbb61893-578c-479c-b19e-9d4449bf4436 HTTP/1.1" 200 None
2026-03-24 15:07:27,487 | ThreadPoolExecutor-7_3 | DEBUG | https://baseconnect.in:443 "GET /companies/2290e926-180f-4c2b-9098-384251958768 HTTP/1.1" 200 None
2026-03-24 15:07:27,497 | ThreadPoolExecutor-7_25 | DEBUG | https://baseconnect.in:443 "GET /companies/cd3cbe00-3bbf-46d4-8a29-f234532e2562 HTTP/1.1" 200 None
2026-03-24 15:07:27,510 | ThreadPoolExecutor-7_1 | DEBUG | https://baseconnect.in:443 "GET /companies/ee5fb46d-8b5a-4265-969b-56c73ea2811c HTTP/1.1" 200 None
2026-03-24 15:07:27,558 | ThreadPoolExecutor-7_0 | DEBUG | https://baseconnect.in:443 "GET /companies/b81adbe1-c0af-43e2-bd74-67c62ad08ca1 HTTP/1.1" 200 None
2026-03-24 15:07:27,564 | ThreadPoolExecutor-7_22 | DEBUG | https://baseconnect.in:443 "GET /companies/96fcdf2b-dec5-4e21-a5c8-b39b8fd05a40 HTTP/1.1" 200 None
2026-03-24 15:07:27,636 | ThreadPoolExecutor-7_13 | DEBUG | https://baseconnect.in:443 "GET /companies/b99a6aef-ef41-4d9e-a79a-305b85e90e90 HTTP/1.1" 200 None
2026-03-24 15:07:27,681 | ThreadPoolExecutor-7_19 | DEBUG | https://baseconnect.in:443 "GET /companies/f51cacec-3cfd-43f1-8424-08f23572a3ec HTTP/1.1" 200 None
2026-03-24 15:07:27,921 | ThreadPoolExecutor-7_9 | DEBUG | https://baseconnect.in:443 "GET /companies/94a3948b-09c1-42f0-bf06-7253feaa7819 HTTP/1.1" 200 None
2026-03-24 15:07:28,046 | ThreadPoolExecutor-7_20 | DEBUG | https://baseconnect.in:443 "GET /companies/6d5530ca-cf0a-4767-9ea0-5a609ccecc35 HTTP/1.1" 200 None
2026-03-24 15:07:28,051 | ThreadPoolExecutor-7_17 | DEBUG | https://baseconnect.in:443 "GET /companies/f4ebf2d8-ae5f-4121-a5bb-caca21a562f7 HTTP/1.1" 200 None
2026-03-24 15:07:28,724 | MainThread | INFO | --- Processing Page 59/100 ---
2026-03-24 15:07:28,886 | MainThread | DEBUG | https://baseconnect.in:443 "GET /companies/category/78861e23-0990-4878-ab2f-09ee9e9c7080?page=59 HTTP/1.1" 200 None
2026-03-24 15:07:30,463 | ThreadPoolExecutor-8_6 | DEBUG | https://baseconnect.in:443 "GET /companies/1e5f7d8d-b91b-4d53-862d-9989c36284f9 HTTP/1.1" 200 None
2026-03-24 15:07:30,497 | ThreadPoolExecutor-8_19 | DEBUG | https://baseconnect.in:443 "GET /companies/cd602976-11ce-429e-ad38-2398aaa4ae57 HTTP/1.1" 200 None
2026-03-24 15:07:30,500 | ThreadPoolExecutor-8_1 | DEBUG | https://baseconnect.in:443 "GET /companies/219323a4-284d-4955-b969-f863d24e2e84 HTTP/1.1" 200 None
2026-03-24 15:07:30,546 | ThreadPoolExecutor-8_9 | DEBUG | https://baseconnect.in:443 "GET /companies/df10b40b-7581-449a-92c3-74c3123b80bc HTTP/1.1" 200 None
2026-03-24 15:07:30,691 | ThreadPoolExecutor-8_22 | DEBUG | https://baseconnect.in:443 "GET /companies/0ea9192f-b286-418a-9608-4e3f56aa6525 HTTP/1.1" 200 None
2026-03-24 15:07:30,695 | ThreadPoolExecutor-8_16 | DEBUG | https://baseconnect.in:443 "GET /companies/ed93528a-fec2-41c9-8a21-b60dd52632e3 HTTP/1.1" 200 None
2026-03-24 15:07:30,698 | ThreadPoolExecutor-8_21 | DEBUG | https://baseconnect.in:443 "GET /companies/5c7eca7a-e2c5-4cd3-8a7b-3c669d8a5da5 HTTP/1.1" 200 None
2026-03-24 15:07:30,748 | ThreadPoolExecutor-8_25 | DEBUG | https://baseconnect.in:443 "GET /companies/7095cb3b-7620-4279-badc-19412e7204f0 HTTP/1.1" 200 None
2026-03-24 15:07:30,762 | ThreadPoolExecutor-8_11 | DEBUG | https://baseconnect.in:443 "GET /companies/05836ad1-49b8-4e5c-adc8-365e3ba70b3b HTTP/1.1" 200 None
2026-03-24 15:07:30,855 | ThreadPoolExecutor-8_7 | DEBUG | https://baseconnect.in:443 "GET /companies/ff37bad9-103f-48b8-85d6-8bbd01175330 HTTP/1.1" 200 None
2026-03-24 15:07:30,867 | ThreadPoolExecutor-8_14 | DEBUG | https://baseconnect.in:443 "GET /companies/4d5c186f-b9f7-413c-bf8b-1125cf904ff1 HTTP/1.1" 200 None
2026-03-24 15:07:30,873 | ThreadPoolExecutor-8_17 | DEBUG | https://baseconnect.in:443 "GET /companies/f5e6de4c-bc50-4396-b633-3d24dac7f33e HTTP/1.1" 200 None
2026-03-24 15:07:30,877 | ThreadPoolExecutor-8_23 | DEBUG | https://baseconnect.in:443 "GET /companies/59f1ac4d-cc96-403a-8210-eb7b2f35aa70 HTTP/1.1" 200 None
2026-03-24 15:07:30,879 | ThreadPoolExecutor-8_13 | DEBUG | https://baseconnect.in:443 "GET /companies/820a1794-017a-4303-905e-031a0e4822f1 HTTP/1.1" 200 None
2026-03-24 15:07:30,908 | ThreadPoolExecutor-8_20 | DEBUG | https://baseconnect.in:443 "GET /companies/f7e21405-5d63-46e9-969e-4587501274c4 HTTP/1.1" 200 None
2026-03-24 15:07:30,931 | ThreadPoolExecutor-8_8 | DEBUG | https://baseconnect.in:443 "GET /companies/ee09c890-f923-411c-813b-6e0bb0bb3d56 HTTP/1.1" 200 None
2026-03-24 15:07:30,949 | ThreadPoolExecutor-8_0 | DEBUG | https://baseconnect.in:443 "GET /companies/e1e34d5c-8fe6-4d03-9a6b-96f976c86c69 HTTP/1.1" 200 None
2026-03-24 15:07:30,992 | ThreadPoolExecutor-8_5 | DEBUG | https://baseconnect.in:443 "GET /companies/394b28e0-f9ef-4b0c-8806-ba0025769982 HTTP/1.1" 200 None
2026-03-24 15:07:31,079 | ThreadPoolExecutor-8_4 | DEBUG | https://baseconnect.in:443 "GET /companies/ceb55496-dcf5-4b3c-ab6a-0034d8a99190 HTTP/1.1" 200 None
2026-03-24 15:07:31,080 | ThreadPoolExecutor-8_2 | DEBUG | https://baseconnect.in:443 "GET /companies/9c369c29-8d64-422f-a557-4e1b1a9178b9 HTTP/1.1" 200 None
2026-03-24 15:07:31,097 | ThreadPoolExecutor-8_3 | DEBUG | https://baseconnect.in:443 "GET /companies/67a974c2-c6d8-40eb-b518-2c205a6729c5 HTTP/1.1" 200 None
2026-03-24 15:07:31,122 | ThreadPoolExecutor-8_15 | DEBUG | https://baseconnect.in:443 "GET /companies/48fdbbc1-5121-4b10-9b4e-359f3187398f HTTP/1.1" 200 None
2026-03-24 15:07:31,122 | ThreadPoolExecutor-8_12 | DEBUG | https://baseconnect.in:443 "GET /companies/a41e8bbe-fec0-4b7a-8d7e-0a57a141c93a HTTP/1.1" 200 None
2026-03-24 15:07:31,260 | ThreadPoolExecutor-8_18 | DEBUG | https://baseconnect.in:443 "GET /companies/b2cb742e-c5c0-410a-98c1-628f5786d03e HTTP/1.1" 200 None
2026-03-24 15:07:31,323 | ThreadPoolExecutor-8_24 | DEBUG | https://baseconnect.in:443 "GET /companies/20290f1a-6814-4263-8a32-f908a4bc22d1 HTTP/1.1" 200 None
2026-03-24 15:07:31,497 | ThreadPoolExecutor-8_10 | DEBUG | https://baseconnect.in:443 "GET /companies/75b625cc-904d-4528-bac9-381e3ff74095 HTTP/1.1" 200 None
2026-03-24 15:07:31,745 | ThreadPoolExecutor-8_9 | DEBUG | https://baseconnect.in:443 "GET /companies/ef542869-7536-4c28-86c0-5931c955ff2c HTTP/1.1" 200 None
2026-03-24 15:07:31,964 | ThreadPoolExecutor-8_6 | DEBUG | https://baseconnect.in:443 "GET /companies/060e86b6-9166-4052-9bf1-4bb401af1b20 HTTP/1.1" 200 None
2026-03-24 15:07:32,010 | ThreadPoolExecutor-8_2 | DEBUG | https://baseconnect.in:443 "GET /companies/ff16f71b-20f4-4cdd-958b-800d730bc4d3 HTTP/1.1" 200 None
2026-03-24 15:07:32,059 | ThreadPoolExecutor-8_19 | DEBUG | https://baseconnect.in:443 "GET /companies/0ffd6eb8-92e1-4437-9837-023c9cd2e3f0 HTTP/1.1" 200 None
2026-03-24 15:07:32,089 | ThreadPoolExecutor-8_23 | DEBUG | https://baseconnect.in:443 "GET /companies/32d2d9ec-1ef4-4adb-9781-96828d2c257c HTTP/1.1" 200 None
2026-03-24 15:07:32,106 | ThreadPoolExecutor-8_13 | DEBUG | https://baseconnect.in:443 "GET /companies/88a359a8-39ba-4ef7-ac98-3d3a34367931 HTTP/1.1" 200 None
2026-03-24 15:07:32,156 | ThreadPoolExecutor-8_22 | DEBUG | https://baseconnect.in:443 "GET /companies/96677340-1a77-4882-95c1-25227f63e0bd HTTP/1.1" 200 None
2026-03-24 15:07:32,204 | ThreadPoolExecutor-8_21 | DEBUG | https://baseconnect.in:443 "GET /companies/80d3675e-f601-4e94-9f07-a309f42d6eb8 HTTP/1.1" 200 None
2026-03-24 15:07:32,225 | ThreadPoolExecutor-8_5 | DEBUG | https://baseconnect.in:443 "GET /companies/abfc3294-329f-4cb4-8a04-4372723e872f HTTP/1.1" 200 None
2026-03-24 15:07:32,252 | ThreadPoolExecutor-8_0 | DEBUG | https://baseconnect.in:443 "GET /companies/b06168ca-3bb0-402b-9918-d79ac8e00839 HTTP/1.1" 200 None
2026-03-24 15:07:32,259 | ThreadPoolExecutor-8_25 | DEBUG | https://baseconnect.in:443 "GET /companies/1699199f-ebc0-4802-a760-e8d8370825ec HTTP/1.1" 200 None
2026-03-24 15:07:32,313 | ThreadPoolExecutor-8_16 | DEBUG | https://baseconnect.in:443 "GET /companies/1b562fcb-6c7e-42b2-8235-34159518c3c5 HTTP/1.1" 200 None
2026-03-24 15:07:32,345 | ThreadPoolExecutor-8_1 | DEBUG | https://baseconnect.in:443 "GET /companies/801c12a0-de8f-42fd-b8d8-aee819b584aa HTTP/1.1" 200 None
2026-03-24 15:07:32,374 | ThreadPoolExecutor-8_11 | DEBUG | https://baseconnect.in:443 "GET /companies/d456e446-cd3f-488c-9151-543d2c5aac5d HTTP/1.1" 200 None
2026-03-24 15:07:32,482 | ThreadPoolExecutor-8_14 | DEBUG | https://baseconnect.in:443 "GET /companies/00b4b446-0a37-4970-b4a9-e1819bede9ef HTTP/1.1" 200 None
2026-03-24 15:07:32,649 | ThreadPoolExecutor-8_12 | DEBUG | https://baseconnect.in:443 "GET /companies/548ae7dd-81ab-4b69-ab5e-3a34c3afef2a HTTP/1.1" 200 None
2026-03-24 15:07:32,659 | ThreadPoolExecutor-8_10 | DEBUG | https://baseconnect.in:443 "GET /companies/daea2791-af48-42f6-adb7-58b111a03cab HTTP/1.1" 200 None
2026-03-24 15:07:32,696 | ThreadPoolExecutor-8_4 | DEBUG | https://baseconnect.in:443 "GET /companies/ff6ea245-a06e-4df9-bf29-d407e02269d6 HTTP/1.1" 200 None
2026-03-24 15:07:32,702 | ThreadPoolExecutor-8_15 | DEBUG | https://baseconnect.in:443 "GET /companies/31cf9758-43e7-4a19-8ddc-eb4d54f039b8 HTTP/1.1" 200 None
2026-03-24 15:07:32,870 | ThreadPoolExecutor-8_18 | DEBUG | https://baseconnect.in:443 "GET /companies/1e0016ab-7726-4b18-bdfe-d6bb128c532a HTTP/1.1" 200 None
2026-03-24 15:07:32,892 | ThreadPoolExecutor-8_7 | DEBUG | https://baseconnect.in:443 "GET /companies/27a2180d-2a40-430f-9a9e-a6eb7a360426 HTTP/1.1" 200 None
2026-03-24 15:07:32,940 | ThreadPoolExecutor-8_8 | DEBUG | https://baseconnect.in:443 "GET /companies/3d475d46-e7ba-463a-b8d6-ded8c4e9798e HTTP/1.1" 200 None
2026-03-24 15:07:32,993 | ThreadPoolExecutor-8_20 | DEBUG | https://baseconnect.in:443 "GET /companies/a55e1d21-aba8-4eae-b36e-636eca115322 HTTP/1.1" 200 None
2026-03-24 15:07:33,819 | ThreadPoolExecutor-8_9 | DEBUG | https://baseconnect.in:443 "GET /companies/b9865d08-67fe-4687-8c37-d2e0ce1c9b0b HTTP/1.1" 200 None
2026-03-24 15:07:33,962 | MainThread | INFO | --- Processing Page 60/100 ---
2026-03-24 15:07:34,118 | MainThread | DEBUG | https://baseconnect.in:443 "GET /companies/category/78861e23-0990-4878-ab2f-09ee9e9c7080?page=60 HTTP/1.1" 200 None
