2026-04-02 08:47:26,620 | ERROR | GSpread Setup Error: ('invalid_grant: Invalid JWT Signature.', {'error': 'invalid_grant', 'error_description': 'Invalid JWT Signature.'})
2026-04-02 08:47:27,888 | INFO | patching driver executable C:\Users\ADMIN\appdata\roaming\undetected_chromedriver\undetected_chromedriver.exe
2026-04-02 08:48:18,065 | ERROR | GSpread Setup Error: ('invalid_grant: Invalid JWT Signature.', {'error': 'invalid_grant', 'error_description': 'Invalid JWT Signature.'})
2026-04-02 08:48:23,150 | INFO | patching driver executable C:\Users\ADMIN\appdata\roaming\undetected_chromedriver\undetected_chromedriver.exe
2026-04-02 08:49:12,677 | ERROR | GSpread Setup Error: ('invalid_grant: Invalid JWT Signature.', {'error': 'invalid_grant', 'error_description': 'Invalid JWT Signature.'})
2026-04-02 08:49:13,679 | INFO | patching driver executable C:\Users\ADMIN\appdata\roaming\undetected_chromedriver\undetected_chromedriver.exe
2026-04-02 08:49:17,969 | INFO | 🚀 Browser started
2026-04-02 08:49:17,969 | INFO | 🔎 Start: 村田
2026-04-02 08:51:21,093 | ERROR | GSpread Setup Error: ('invalid_grant: Invalid JWT Signature.', {'error': 'invalid_grant', 'error_description': 'Invalid JWT Signature.'})
2026-04-02 08:51:21,990 | INFO | patching driver executable C:\Users\ADMIN\appdata\roaming\undetected_chromedriver\undetected_chromedriver.exe
2026-04-02 08:51:25,734 | INFO | 🚀 Browser started
2026-04-02 08:51:25,735 | INFO | 🔎 Start: 村田
2026-04-02 08:51:58,298 | ERROR | GSpread Setup Error: ('invalid_grant: Invalid JWT Signature.', {'error': 'invalid_grant', 'error_description': 'Invalid JWT Signature.'})
2026-04-02 08:51:59,389 | INFO | patching driver executable C:\Users\ADMIN\appdata\roaming\undetected_chromedriver\undetected_chromedriver.exe
2026-04-02 08:52:03,112 | INFO | 🚀 Browser started
2026-04-02 08:52:03,112 | INFO | 🔎 Start: 村田
2026-04-02 08:56:00,866 | ERROR | GSpread Setup Error: [Errno 2] No such file or directory: 'service-account.json'
2026-04-02 08:56:01,765 | INFO | patching driver executable C:\Users\ADMIN\appdata\roaming\undetected_chromedriver\undetected_chromedriver.exe
2026-04-02 08:56:05,596 | INFO | 🚀 Browser started
2026-04-02 08:56:05,596 | INFO | 🔎 Start: 村田
2026-04-02 08:56:50,297 | INFO | patching driver executable C:\Users\ADMIN\appdata\roaming\undetected_chromedriver\undetected_chromedriver.exe
2026-04-02 08:56:54,080 | INFO | 🚀 Browser started
2026-04-02 08:56:54,080 | INFO | 🔎 Start: 村田
2026-04-02 08:57:05,384 | INFO | ✅ Done: 村田
2026-04-02 08:57:05,586 | INFO | 🏁 ALL DONE
2026-04-02 09:05:13,591 | INFO | patching driver executable C:\Users\ADMIN\appdata\roaming\undetected_chromedriver\undetected_chromedriver.exe
2026-04-02 09:06:27,062 | INFO | patching driver executable C:\Users\ADMIN\appdata\roaming\undetected_chromedriver\undetected_chromedriver.exe
2026-04-02 09:06:30,836 | INFO | 🚀 Browser started
2026-04-02 09:06:30,837 | INFO | 🔎 STARTING TASK: マッハバイト_村田様案件
2026-04-02 09:06:31,327 | INFO | 📄 Scraping Page 1...
2026-04-02 09:06:58,515 | INFO | 💾 Saved 30 jobs from page 1
2026-04-02 09:06:58,559 | INFO | 📄 Scraping Page 2...
2026-04-02 09:07:22,752 | INFO | 💾 Saved 30 jobs from page 2
2026-04-02 09:07:22,827 | INFO | 📄 Scraping Page 3...
2026-04-02 09:07:48,493 | INFO | 💾 Saved 30 jobs from page 3
2026-04-02 09:07:48,541 | INFO | 📄 Scraping Page 4...
2026-04-02 09:08:14,577 | INFO | 💾 Saved 30 jobs from page 4
2026-04-02 09:08:14,631 | INFO | 📄 Scraping Page 5...
2026-04-02 09:08:40,489 | INFO | 💾 Saved 30 jobs from page 5
2026-04-02 09:08:40,570 | INFO | 📄 Scraping Page 6...
2026-04-02 09:09:07,954 | INFO | 💾 Saved 30 jobs from page 6
2026-04-02 09:09:08,051 | INFO | 📄 Scraping Page 7...
2026-04-02 09:09:35,290 | INFO | 💾 Saved 30 jobs from page 7
2026-04-02 09:09:35,377 | INFO | 📄 Scraping Page 8...
2026-04-02 09:10:03,099 | INFO | 💾 Saved 30 jobs from page 8
2026-04-02 09:10:03,171 | INFO | 📄 Scraping Page 9...
2026-04-02 09:10:29,925 | INFO | 💾 Saved 30 jobs from page 9
2026-04-02 09:10:30,003 | INFO | 📄 Scraping Page 10...
2026-04-02 09:10:57,829 | INFO | 💾 Saved 30 jobs from page 10
2026-04-02 09:10:57,930 | INFO | 📄 Scraping Page 11...
2026-04-02 09:11:25,902 | INFO | 💾 Saved 30 jobs from page 11
2026-04-02 09:11:26,018 | INFO | 📄 Scraping Page 12...
2026-04-02 09:11:52,176 | INFO | 💾 Saved 30 jobs from page 12
2026-04-02 09:11:52,310 | INFO | 📄 Scraping Page 13...
2026-04-02 09:12:55,455 | INFO | patching driver executable C:\Users\ADMIN\appdata\roaming\undetected_chromedriver\undetected_chromedriver.exe
2026-04-02 09:12:59,413 | INFO | 🚀 Browser started
2026-04-02 09:12:59,414 | INFO | 🔎 Processing Task: マッハバイト_村田様案件
2026-04-02 09:12:59,852 | INFO | 📄 Loading Page 1...
2026-04-02 09:13:23,457 | INFO | 💾 Saved 30 jobs (Page 1)
2026-04-02 09:13:23,566 | INFO | 📄 Loading Page 2...
2026-04-02 09:13:45,667 | INFO | 💾 Saved 30 jobs (Page 2)
2026-04-02 09:13:45,748 | INFO | 📄 Loading Page 3...
2026-04-02 09:14:08,651 | INFO | 💾 Saved 30 jobs (Page 3)
2026-04-02 09:14:08,766 | INFO | 📄 Loading Page 4...
2026-04-02 09:14:32,164 | INFO | 💾 Saved 30 jobs (Page 4)
2026-04-02 09:14:32,257 | INFO | 📄 Loading Page 5...
2026-04-02 09:14:54,898 | INFO | 💾 Saved 30 jobs (Page 5)
2026-04-02 09:14:55,057 | INFO | 📄 Loading Page 6...
2026-04-02 09:15:24,599 | INFO | patching driver executable C:\Users\ADMIN\appdata\roaming\undetected_chromedriver\undetected_chromedriver.exe
2026-04-02 09:15:56,709 | INFO | patching driver executable C:\Users\ADMIN\appdata\roaming\undetected_chromedriver\undetected_chromedriver.exe
2026-04-02 09:16:00,451 | INFO | 🚀 ブラウザを起動しました
2026-04-02 09:16:00,451 | INFO | 🔎 抽出開始: マッハバイト_村田様案件
2026-04-02 09:16:01,042 | INFO | 📄 ページ 1 をロード中...
2026-04-02 09:16:25,606 | INFO | 💾 ページ 1 から 30 件保存しました
2026-04-02 09:16:25,691 | INFO | 📄 ページ 2 をロード中...
2026-04-02 09:16:51,435 | INFO | 💾 ページ 2 から 30 件保存しました
2026-04-02 09:16:51,484 | INFO | 📄 ページ 3 をロード中...
2026-04-02 09:17:17,476 | INFO | 💾 ページ 3 から 30 件保存しました
2026-04-02 09:17:17,547 | INFO | 📄 ページ 4 をロード中...
2026-04-02 09:17:42,721 | INFO | 💾 ページ 4 から 30 件保存しました
2026-04-02 09:17:42,776 | INFO | 📄 ページ 5 をロード中...
2026-04-02 09:18:07,284 | INFO | 💾 ページ 5 から 30 件保存しました
2026-04-02 09:18:07,372 | INFO | 📄 ページ 6 をロード中...
2026-04-02 09:18:32,168 | INFO | 💾 ページ 6 から 30 件保存しました
2026-04-02 09:18:32,248 | INFO | 📄 ページ 7 をロード中...
2026-04-02 09:18:59,206 | INFO | 💾 ページ 7 から 30 件保存しました
2026-04-02 09:18:59,256 | INFO | 📄 ページ 8 をロード中...
2026-04-02 09:19:23,853 | INFO | 💾 ページ 8 から 30 件保存しました
2026-04-02 09:19:23,930 | INFO | 📄 ページ 9 をロード中...
2026-04-02 09:19:49,549 | INFO | 💾 ページ 9 から 30 件保存しました
2026-04-02 09:19:49,624 | INFO | 📄 ページ 10 をロード中...
2026-04-02 09:20:14,055 | INFO | 💾 ページ 10 から 30 件保存しました
2026-04-02 09:20:14,132 | INFO | 📄 ページ 11 をロード中...
2026-04-02 09:20:39,793 | INFO | 💾 ページ 11 から 30 件保存しました
2026-04-02 09:20:39,876 | INFO | 📄 ページ 12 をロード中...
2026-04-02 09:21:04,444 | INFO | 💾 ページ 12 から 30 件保存しました
2026-04-02 09:21:04,504 | INFO | 📄 ページ 13 をロード中...
2026-04-02 09:21:31,179 | INFO | 💾 ページ 13 から 30 件保存しました
2026-04-02 09:21:31,263 | INFO | 📄 ページ 14 をロード中...
2026-04-02 09:21:57,015 | INFO | 💾 ページ 14 から 30 件保存しました
2026-04-02 09:21:57,111 | INFO | 📄 ページ 15 をロード中...
2026-04-02 09:22:23,300 | INFO | 💾 ページ 15 から 30 件保存しました
2026-04-02 09:22:23,347 | INFO | 📄 ページ 16 をロード中...
2026-04-02 09:22:48,686 | INFO | 💾 ページ 16 から 30 件保存しました
2026-04-02 09:22:48,758 | INFO | 📄 ページ 17 をロード中...
2026-04-02 09:23:15,454 | INFO | 💾 ページ 17 から 30 件保存しました
2026-04-02 09:23:15,503 | INFO | 📄 ページ 18 をロード中...
2026-04-02 09:23:41,747 | INFO | 💾 ページ 18 から 30 件保存しました
2026-04-02 09:23:41,819 | INFO | 📄 ページ 19 をロード中...
2026-04-02 09:24:05,773 | INFO | 💾 ページ 19 から 30 件保存しました
2026-04-02 09:24:05,825 | INFO | 📄 ページ 20 をロード中...
2026-04-02 09:24:32,613 | INFO | 💾 ページ 20 から 30 件保存しました
2026-04-02 09:24:32,664 | INFO | 📄 ページ 21 をロード中...
2026-04-02 09:24:59,277 | INFO | 💾 ページ 21 から 30 件保存しました
2026-04-02 09:24:59,328 | INFO | 📄 ページ 22 をロード中...
2026-04-02 09:25:24,008 | INFO | 💾 ページ 22 から 30 件保存しました
2026-04-02 09:25:24,095 | INFO | 📄 ページ 23 をロード中...
2026-04-02 09:25:49,125 | INFO | 💾 ページ 23 から 30 件保存しました
2026-04-02 09:25:49,184 | INFO | 📄 ページ 24 をロード中...
2026-04-02 09:26:14,489 | INFO | 💾 ページ 24 から 30 件保存しました
2026-04-02 09:26:14,544 | INFO | 📄 ページ 25 をロード中...
2026-04-02 09:26:39,790 | INFO | 💾 ページ 25 から 30 件保存しました
2026-04-02 09:26:39,846 | INFO | 📄 ページ 26 をロード中...
2026-04-02 09:27:06,573 | INFO | 💾 ページ 26 から 30 件保存しました
2026-04-02 09:27:06,636 | INFO | 📄 ページ 27 をロード中...
2026-04-02 09:27:32,137 | INFO | 💾 ページ 27 から 30 件保存しました
2026-04-02 09:27:32,185 | INFO | 📄 ページ 28 をロード中...
2026-04-02 09:27:57,778 | INFO | 💾 ページ 28 から 30 件保存しました
2026-04-02 09:27:57,832 | INFO | 📄 ページ 29 をロード中...
2026-04-02 09:28:23,897 | INFO | 💾 ページ 29 から 30 件保存しました
2026-04-02 09:28:23,943 | INFO | 📄 ページ 30 をロード中...
2026-04-02 09:28:50,928 | INFO | 💾 ページ 30 から 30 件保存しました
2026-04-02 09:28:50,982 | INFO | 📄 ページ 31 をロード中...
2026-04-02 09:29:16,376 | INFO | 💾 ページ 31 から 30 件保存しました
2026-04-02 09:29:16,462 | INFO | 📄 ページ 32 をロード中...
2026-04-02 09:29:41,997 | INFO | 💾 ページ 32 から 30 件保存しました
2026-04-02 09:29:42,052 | INFO | 📄 ページ 33 をロード中...
2026-04-02 09:30:07,016 | INFO | 💾 ページ 33 から 30 件保存しました
2026-04-02 09:30:07,060 | INFO | 📄 ページ 34 をロード中...
2026-04-02 09:30:32,072 | INFO | 💾 ページ 34 から 30 件保存しました
2026-04-02 09:30:32,119 | INFO | 📄 ページ 35 をロード中...
2026-04-02 09:30:58,158 | INFO | 💾 ページ 35 から 30 件保存しました
2026-04-02 09:30:58,205 | INFO | 📄 ページ 36 をロード中...
2026-04-02 09:31:23,224 | INFO | 💾 ページ 36 から 30 件保存しました
2026-04-02 09:31:23,279 | INFO | 📄 ページ 37 をロード中...
2026-04-02 09:31:49,073 | INFO | 💾 ページ 37 から 30 件保存しました
2026-04-02 09:31:49,125 | INFO | 📄 ページ 38 をロード中...
2026-04-02 09:32:13,884 | INFO | 💾 ページ 38 から 30 件保存しました
2026-04-02 09:32:13,938 | INFO | 📄 ページ 39 をロード中...
2026-04-02 09:32:38,516 | INFO | 💾 ページ 39 から 30 件保存しました
2026-04-02 09:32:38,628 | INFO | 📄 ページ 40 をロード中...
2026-04-02 09:33:05,050 | INFO | 💾 ページ 40 から 30 件保存しました
2026-04-02 09:33:05,129 | INFO | 📄 ページ 41 をロード中...
2026-04-02 09:33:31,538 | INFO | 💾 ページ 41 から 29 件保存しました
2026-04-02 09:33:31,594 | INFO | 📄 ページ 42 をロード中...
2026-04-02 09:33:54,719 | INFO | 💾 ページ 42 から 29 件保存しました
2026-04-02 09:33:54,759 | INFO | 📄 ページ 43 をロード中...
2026-04-02 09:34:19,236 | INFO | 💾 ページ 43 から 30 件保存しました
2026-04-02 09:34:19,286 | INFO | 📄 ページ 44 をロード中...
2026-04-02 09:34:43,612 | INFO | 💾 ページ 44 から 30 件保存しました
2026-04-02 09:34:43,686 | INFO | 📄 ページ 45 をロード中...
2026-04-02 09:35:10,550 | INFO | 💾 ページ 45 から 30 件保存しました
2026-04-02 09:35:10,620 | INFO | 📄 ページ 46 をロード中...
2026-04-02 09:35:37,732 | INFO | 💾 ページ 46 から 30 件保存しました
2026-04-02 09:35:37,822 | INFO | 📄 ページ 47 をロード中...
2026-04-02 09:36:02,869 | INFO | 💾 ページ 47 から 28 件保存しました
2026-04-02 09:36:02,975 | INFO | 📄 ページ 48 をロード中...
2026-04-02 09:36:28,365 | INFO | 💾 ページ 48 から 30 件保存しました
2026-04-02 09:36:28,453 | INFO | 📄 ページ 49 をロード中...
2026-04-02 09:36:59,585 | INFO | 💾 ページ 49 から 30 件保存しました
2026-04-02 09:36:59,660 | INFO | 📄 ページ 50 をロード中...
2026-04-02 09:37:11,022 | INFO | 💾 ページ 50 から 3 件保存しました
2026-04-02 09:37:11,747 | INFO | 🏁 すべてのタスクが完了しました
2026-04-02 10:00:28,024 | INFO | patching driver executable C:\Users\ADMIN\appdata\roaming\undetected_chromedriver\undetected_chromedriver.exe
2026-04-02 10:00:31,835 | INFO | 🚀 ブラウザを起動しました
2026-04-02 10:00:31,835 | INFO | 🔎 抽出開始: マッハバイト_村田様案件
2026-04-02 10:00:32,301 | INFO | 📄 ページ 1 をロード中...
2026-04-02 10:00:58,694 | INFO | 💾 ページ 1 から 30 件保存しました
2026-04-02 10:00:58,753 | INFO | 📄 ページ 2 をロード中...
2026-04-02 10:01:25,344 | INFO | 💾 ページ 2 から 30 件保存しました
2026-04-02 10:01:25,413 | INFO | 📄 ページ 3 をロード中...
2026-04-02 10:01:50,566 | INFO | 💾 ページ 3 から 30 件保存しました
2026-04-02 10:01:50,668 | INFO | 📄 ページ 4 をロード中...
2026-04-02 10:02:17,006 | INFO | 💾 ページ 4 から 30 件保存しました
2026-04-02 10:02:17,071 | INFO | 📄 ページ 5 をロード中...
2026-04-02 10:02:42,948 | INFO | 💾 ページ 5 から 30 件保存しました
2026-04-02 10:02:43,003 | INFO | 📄 ページ 6 をロード中...
2026-04-02 10:03:08,775 | INFO | 💾 ページ 6 から 30 件保存しました
2026-04-02 10:03:08,887 | INFO | 📄 ページ 7 をロード中...
2026-04-02 10:03:33,608 | INFO | 💾 ページ 7 から 30 件保存しました
2026-04-02 10:03:33,682 | INFO | 📄 ページ 8 をロード中...
2026-04-02 10:04:00,148 | INFO | 💾 ページ 8 から 30 件保存しました
2026-04-02 10:04:00,242 | INFO | 📄 ページ 9 をロード中...
2026-04-02 10:04:26,137 | INFO | 💾 ページ 9 から 30 件保存しました
2026-04-02 10:04:26,223 | INFO | 📄 ページ 10 をロード中...
2026-04-02 10:04:53,570 | INFO | 💾 ページ 10 から 30 件保存しました
2026-04-02 10:04:53,634 | INFO | 📄 ページ 11 をロード中...
2026-04-02 10:05:19,321 | INFO | 💾 ページ 11 から 30 件保存しました
2026-04-02 10:05:19,361 | INFO | 📄 ページ 12 をロード中...
2026-04-02 10:05:46,223 | INFO | 💾 ページ 12 から 30 件保存しました
2026-04-02 10:05:46,263 | INFO | 📄 ページ 13 をロード中...
2026-04-02 10:06:12,741 | INFO | 💾 ページ 13 から 30 件保存しました
2026-04-02 10:06:12,810 | INFO | 📄 ページ 14 をロード中...
2026-04-02 10:06:37,186 | INFO | 💾 ページ 14 から 30 件保存しました
2026-04-02 10:06:37,303 | INFO | 📄 ページ 15 をロード中...
2026-04-02 10:07:03,472 | INFO | 💾 ページ 15 から 30 件保存しました
2026-04-02 10:07:03,544 | INFO | 📄 ページ 16 をロード中...
2026-04-02 10:07:30,190 | INFO | 💾 ページ 16 から 30 件保存しました
2026-04-02 10:07:30,289 | INFO | 📄 ページ 17 をロード中...
2026-04-02 10:07:56,580 | INFO | 💾 ページ 17 から 30 件保存しました
2026-04-02 10:07:56,622 | INFO | 📄 ページ 18 をロード中...
2026-04-02 10:08:22,544 | INFO | 💾 ページ 18 から 30 件保存しました
2026-04-02 10:08:22,599 | INFO | 📄 ページ 19 をロード中...
2026-04-02 10:08:48,791 | INFO | 💾 ページ 19 から 30 件保存しました
2026-04-02 10:08:48,863 | INFO | 📄 ページ 20 をロード中...
2026-04-02 10:09:15,986 | INFO | 💾 ページ 20 から 30 件保存しました
2026-04-02 10:09:16,059 | INFO | 📄 ページ 21 をロード中...
2026-04-02 10:09:42,190 | INFO | 💾 ページ 21 から 30 件保存しました
2026-04-02 10:09:42,297 | INFO | 📄 ページ 22 をロード中...
2026-04-02 10:10:07,505 | INFO | 💾 ページ 22 から 30 件保存しました
2026-04-02 10:10:07,592 | INFO | 📄 ページ 23 をロード中...
2026-04-02 10:10:33,424 | INFO | 💾 ページ 23 から 30 件保存しました
2026-04-02 10:10:33,492 | INFO | 📄 ページ 24 をロード中...
2026-04-02 10:10:59,449 | INFO | 💾 ページ 24 から 30 件保存しました
2026-04-02 10:10:59,505 | INFO | 📄 ページ 25 をロード中...
2026-04-02 10:11:27,188 | INFO | 💾 ページ 25 から 30 件保存しました
2026-04-02 10:11:27,256 | INFO | 📄 ページ 26 をロード中...
2026-04-02 10:11:52,728 | INFO | 💾 ページ 26 から 30 件保存しました
2026-04-02 10:11:52,795 | INFO | 📄 ページ 27 をロード中...
2026-04-02 10:12:17,788 | INFO | 💾 ページ 27 から 30 件保存しました
2026-04-02 10:12:17,865 | INFO | 📄 ページ 28 をロード中...
2026-04-02 10:12:43,726 | INFO | 💾 ページ 28 から 30 件保存しました
2026-04-02 10:12:43,775 | INFO | 📄 ページ 29 をロード中...
2026-04-02 10:13:09,495 | INFO | 💾 ページ 29 から 30 件保存しました
2026-04-02 10:13:09,569 | INFO | 📄 ページ 30 をロード中...
2026-04-02 10:13:34,499 | INFO | 💾 ページ 30 から 30 件保存しました
2026-04-02 10:13:34,546 | INFO | 📄 ページ 31 をロード中...
2026-04-02 10:14:00,988 | INFO | 💾 ページ 31 から 30 件保存しました
2026-04-02 10:14:01,044 | INFO | 📄 ページ 32 をロード中...
2026-04-02 10:14:26,533 | INFO | 💾 ページ 32 から 30 件保存しました
2026-04-02 10:14:26,596 | INFO | 📄 ページ 33 をロード中...
2026-04-02 10:14:52,044 | INFO | 💾 ページ 33 から 30 件保存しました
2026-04-02 10:14:52,105 | INFO | 📄 ページ 34 をロード中...
2026-04-02 10:15:17,829 | INFO | 💾 ページ 34 から 30 件保存しました
2026-04-02 10:15:17,909 | INFO | 📄 ページ 35 をロード中...
2026-04-02 10:15:43,704 | INFO | 💾 ページ 35 から 30 件保存しました
2026-04-02 10:15:43,800 | INFO | 📄 ページ 36 をロード中...
2026-04-02 10:16:09,456 | INFO | 💾 ページ 36 から 30 件保存しました
2026-04-02 10:16:09,562 | INFO | 📄 ページ 37 をロード中...
2026-04-02 10:16:34,525 | INFO | 💾 ページ 37 から 30 件保存しました
2026-04-02 10:16:34,597 | INFO | 📄 ページ 38 をロード中...
2026-04-02 10:17:00,477 | INFO | 💾 ページ 38 から 30 件保存しました
2026-04-02 10:17:00,531 | INFO | 📄 ページ 39 をロード中...
2026-04-02 10:17:26,498 | INFO | 💾 ページ 39 から 30 件保存しました
2026-04-02 10:17:26,557 | INFO | 📄 ページ 40 をロード中...
2026-04-02 10:17:51,181 | INFO | 💾 ページ 40 から 30 件保存しました
2026-04-02 10:17:51,290 | INFO | 📄 ページ 41 をロード中...
2026-04-02 10:18:15,847 | INFO | 💾 ページ 41 から 30 件保存しました
2026-04-02 10:18:15,940 | INFO | 📄 ページ 42 をロード中...
2026-04-02 10:18:42,471 | INFO | 💾 ページ 42 から 30 件保存しました
2026-04-02 10:18:42,530 | INFO | 📄 ページ 43 をロード中...
2026-04-02 10:19:10,956 | INFO | 💾 ページ 43 から 30 件保存しました
2026-04-02 10:19:11,044 | INFO | 📄 ページ 44 をロード中...
2026-04-02 10:19:37,311 | INFO | 💾 ページ 44 から 30 件保存しました
2026-04-02 10:19:37,537 | INFO | 📄 ページ 45 をロード中...
2026-04-02 10:20:03,049 | INFO | 💾 ページ 45 から 30 件保存しました
2026-04-02 10:20:03,147 | INFO | 📄 ページ 46 をロード中...
2026-04-02 10:20:28,882 | INFO | 💾 ページ 46 から 30 件保存しました
2026-04-02 10:20:28,958 | INFO | 📄 ページ 47 をロード中...
2026-04-02 10:20:54,897 | INFO | 💾 ページ 47 から 30 件保存しました
2026-04-02 10:20:54,963 | INFO | 📄 ページ 48 をロード中...
2026-04-02 10:21:21,567 | INFO | 💾 ページ 48 から 30 件保存しました
2026-04-02 10:21:21,620 | INFO | 📄 ページ 49 をロード中...
2026-04-02 10:21:47,339 | INFO | 💾 ページ 49 から 30 件保存しました
2026-04-02 10:21:47,460 | INFO | 📄 ページ 50 をロード中...
2026-04-02 10:21:58,706 | INFO | 💾 ページ 50 から 2 件保存しました
2026-04-02 10:21:59,282 | INFO | 🏁 すべてのタスクが完了しました
