2026-03-24 15:17:51,223 - INFO - Starting VISIBLE Browser Session (Bypass Detection)...
2026-03-24 15:18:29,065 - INFO - Starting VISIBLE Browser Session (Bypass Detection)...
2026-03-24 15:18:39,427 - INFO - >>> Processing Page 1...
2026-03-24 15:18:48,115 - WARNING - [!] CAPTCHA detected. Please solve it in the browser window now.
2026-03-24 15:18:59,932 - INFO -    Fetched 10/50...
2026-03-24 15:19:03,849 - INFO -    Fetched 20/50...
2026-03-24 15:19:06,524 - INFO -    Fetched 30/50...
2026-03-24 15:19:10,682 - INFO -    Fetched 40/50...
2026-03-24 15:19:13,484 - INFO -    Fetched 50/50...
2026-03-24 15:19:13,937 - INFO - Page 1 Done. Saved 50 rows.
2026-03-24 15:19:27,205 - INFO - >>> Processing Page 2...
2026-03-24 15:19:36,007 - WARNING - [!] CAPTCHA detected. Please solve it in the browser window now.
2026-03-24 15:19:48,918 - INFO -    Fetched 10/50...
2026-03-24 15:19:52,636 - INFO -    Fetched 20/50...
2026-03-24 15:19:56,166 - INFO -    Fetched 30/50...
2026-03-24 15:19:59,805 - INFO -    Fetched 40/50...
2026-03-24 15:20:01,988 - INFO -    Fetched 50/50...
2026-03-24 15:20:02,384 - INFO - Page 2 Done. Saved 50 rows.
2026-03-24 15:20:17,244 - INFO - >>> Processing Page 3...
2026-03-24 15:20:29,859 - WARNING - [!] CAPTCHA detected. Please solve it in the browser window now.
2026-03-24 15:20:42,345 - INFO -    Fetched 10/50...
2026-03-24 15:20:48,222 - INFO -    Fetched 20/50...
2026-03-24 15:20:51,330 - INFO -    Fetched 30/50...
2026-03-24 15:20:54,139 - INFO -    Fetched 40/50...
2026-03-24 15:20:57,443 - INFO -    Fetched 50/50...
2026-03-24 15:20:57,941 - INFO - Page 3 Done. Saved 50 rows.
2026-03-24 15:21:11,500 - INFO - >>> Processing Page 4...
2026-03-24 15:21:22,941 - WARNING - [!] CAPTCHA detected. Please solve it in the browser window now.
2026-03-24 15:21:36,843 - INFO -    Fetched 10/50...
2026-03-24 15:21:40,077 - INFO -    Fetched 20/50...
2026-03-24 15:21:43,115 - INFO -    Fetched 30/50...
2026-03-24 15:21:46,017 - INFO -    Fetched 40/50...
2026-03-24 15:21:49,233 - INFO -    Fetched 50/50...
2026-03-24 15:21:50,078 - INFO - Page 4 Done. Saved 50 rows.
2026-03-24 15:22:04,917 - INFO - >>> Processing Page 5...
2026-03-24 15:22:17,373 - WARNING - [!] CAPTCHA detected. Please solve it in the browser window now.
2026-03-24 15:22:31,422 - INFO -    Fetched 10/50...
2026-03-24 15:22:35,473 - INFO -    Fetched 20/50...
2026-03-24 15:22:39,104 - INFO -    Fetched 30/50...
2026-03-24 15:22:42,742 - INFO -    Fetched 40/50...
2026-03-24 15:22:44,373 - INFO -    Fetched 50/50...
2026-03-24 15:22:46,043 - INFO - Page 5 Done. Saved 50 rows.
2026-03-24 15:22:59,148 - INFO - >>> Processing Page 6...
2026-03-24 15:23:10,788 - WARNING - [!] CAPTCHA detected. Please solve it in the browser window now.
2026-03-24 15:23:24,459 - INFO -    Fetched 10/50...
2026-03-24 15:23:28,767 - INFO -    Fetched 20/50...
2026-03-24 15:23:32,815 - INFO -    Fetched 30/50...
2026-03-24 15:23:34,112 - INFO -    Fetched 40/50...
2026-03-24 15:23:37,552 - INFO -    Fetched 50/50...
2026-03-24 15:23:37,972 - INFO - Page 6 Done. Saved 50 rows.
2026-03-24 15:23:51,171 - INFO - >>> Processing Page 7...
2026-03-24 15:24:03,219 - WARNING - [!] CAPTCHA detected. Please solve it in the browser window now.
2026-03-24 15:24:16,705 - INFO -    Fetched 10/50...
2026-03-24 15:24:20,631 - INFO -    Fetched 20/50...
2026-03-24 15:24:23,012 - INFO -    Fetched 30/50...
2026-03-24 15:24:26,136 - INFO -    Fetched 40/50...
2026-03-24 15:24:29,491 - INFO -    Fetched 50/50...
2026-03-24 15:24:29,923 - INFO - Page 7 Done. Saved 50 rows.
2026-03-24 15:24:42,950 - INFO - >>> Processing Page 8...
2026-03-24 15:24:54,590 - WARNING - [!] CAPTCHA detected. Please solve it in the browser window now.
2026-03-24 15:25:08,235 - INFO -    Fetched 10/50...
2026-03-24 15:25:11,774 - INFO -    Fetched 20/50...
2026-03-24 15:25:15,040 - INFO -    Fetched 30/50...
2026-03-24 15:25:17,181 - INFO -    Fetched 40/50...
2026-03-24 15:25:21,126 - INFO -    Fetched 50/50...
2026-03-24 15:25:21,527 - INFO - Page 8 Done. Saved 50 rows.
2026-03-24 15:25:36,184 - INFO - >>> Processing Page 9...
2026-03-24 15:25:48,694 - WARNING - [!] CAPTCHA detected. Please solve it in the browser window now.
2026-03-24 15:26:00,556 - INFO -    Fetched 10/50...
2026-03-24 15:26:05,577 - INFO -    Fetched 20/50...
2026-03-24 15:26:08,818 - INFO -    Fetched 30/50...
2026-03-24 15:26:10,858 - INFO -    Fetched 40/50...
2026-03-24 15:26:33,583 - ERROR - Error on Page 9: ('Connection aborted.', ConnectionAbortedError(10053, 'An established connection was aborted by the software in your host machine', None, 10053, None))
2026-03-24 15:26:54,133 - INFO - Starting VISIBLE Browser Session (Bypass Detection)...
2026-03-24 15:27:23,930 - INFO - >>> Processing Page 9...
2026-03-24 15:27:33,883 - WARNING - [!] CAPTCHA detected. Please solve it in the browser window now.
2026-03-24 15:27:46,606 - INFO -    Fetched 10/50...
2026-03-24 15:27:49,379 - INFO -    Fetched 20/50...
2026-03-24 15:27:53,203 - INFO -    Fetched 30/50...
2026-03-24 15:27:56,418 - INFO -    Fetched 40/50...
2026-03-24 15:27:59,785 - INFO -    Fetched 50/50...
2026-03-24 15:28:00,783 - INFO - Page 9 Done. Saved 50 rows.
2026-03-24 15:28:14,924 - INFO - >>> Processing Page 10...
2026-03-24 15:28:27,554 - WARNING - [!] CAPTCHA detected. Please solve it in the browser window now.
2026-03-24 15:28:40,250 - INFO -    Fetched 10/50...
2026-03-24 15:28:44,856 - INFO -    Fetched 20/50...
2026-03-24 15:28:48,778 - INFO -    Fetched 30/50...
2026-03-24 15:28:50,413 - INFO -    Fetched 40/50...
2026-03-24 15:28:52,726 - INFO -    Fetched 50/50...
2026-03-24 15:28:53,856 - INFO - Page 10 Done. Saved 50 rows.
2026-03-24 15:29:05,605 - INFO - >>> Processing Page 11...
2026-03-24 15:29:17,889 - WARNING - [!] CAPTCHA detected. Please solve it in the browser window now.
2026-03-24 15:29:30,274 - INFO -    Fetched 10/50...
2026-03-24 15:29:33,401 - INFO -    Fetched 20/50...
2026-03-24 15:29:37,234 - INFO -    Fetched 30/50...
2026-03-24 15:29:40,406 - INFO -    Fetched 40/50...
2026-03-24 15:29:42,449 - INFO -    Fetched 50/50...
2026-03-24 15:29:43,693 - INFO - Page 11 Done. Saved 50 rows.
2026-03-24 15:29:54,023 - INFO - >>> Processing Page 12...
2026-03-24 15:30:05,943 - WARNING - [!] CAPTCHA detected. Please solve it in the browser window now.
2026-03-24 15:30:17,786 - INFO -    Fetched 10/50...
2026-03-24 15:30:22,490 - INFO -    Fetched 20/50...
2026-03-24 15:30:25,862 - INFO -    Fetched 30/50...
2026-03-24 15:30:28,601 - INFO -    Fetched 40/50...
2026-03-24 15:30:30,803 - INFO -    Fetched 50/50...
2026-03-24 15:30:31,221 - INFO - Page 12 Done. Saved 50 rows.
2026-03-24 15:30:45,091 - INFO - >>> Processing Page 13...
2026-03-24 15:30:57,439 - WARNING - [!] CAPTCHA detected. Please solve it in the browser window now.
2026-03-24 15:31:10,429 - INFO -    Fetched 10/50...
2026-03-24 15:31:12,731 - INFO -    Fetched 20/50...
2026-03-24 15:31:15,692 - INFO -    Fetched 30/50...
2026-03-24 15:31:19,795 - INFO -    Fetched 40/50...
2026-03-24 15:31:21,852 - INFO -    Fetched 50/50...
2026-03-24 15:31:23,389 - INFO - Page 13 Done. Saved 50 rows.
2026-03-24 15:31:35,214 - INFO - >>> Processing Page 14...
2026-03-24 15:31:47,086 - WARNING - [!] CAPTCHA detected. Please solve it in the browser window now.
2026-03-24 15:31:59,809 - INFO -    Fetched 10/50...
2026-03-24 15:32:03,294 - INFO -    Fetched 20/50...
2026-03-24 15:32:06,507 - INFO -    Fetched 30/50...
2026-03-24 15:32:09,359 - INFO -    Fetched 40/50...
2026-03-24 15:32:12,605 - INFO -    Fetched 50/50...
2026-03-24 15:32:13,196 - INFO - Page 14 Done. Saved 50 rows.
2026-03-24 15:32:23,591 - INFO - >>> Processing Page 15...
2026-03-24 15:32:35,772 - WARNING - [!] CAPTCHA detected. Please solve it in the browser window now.
2026-03-24 15:32:49,207 - INFO -    Fetched 10/50...
2026-03-24 15:32:51,889 - INFO -    Fetched 20/50...
2026-03-24 15:32:54,613 - INFO -    Fetched 30/50...
2026-03-24 15:32:58,227 - INFO -    Fetched 40/50...
2026-03-24 15:33:00,903 - INFO -    Fetched 50/50...
2026-03-24 15:33:01,286 - INFO - Page 15 Done. Saved 50 rows.
2026-03-24 15:33:15,892 - INFO - >>> Processing Page 16...
2026-03-24 15:33:24,184 - WARNING - No links found on Page 16. Refreshing session and retrying...
2026-03-24 15:33:24,331 - INFO - Starting VISIBLE Browser Session (Bypass Detection)...
2026-03-24 15:33:37,326 - INFO - >>> Processing Page 16...
2026-03-24 15:37:20,787 - INFO - Starting VISIBLE Browser Session (Bypass Detection)...
2026-03-24 15:37:26,190 - INFO - >>> Processing Page 1...
2026-03-24 15:37:34,954 - WARNING - No links found on Page 1. Refreshing session and retrying...
2026-03-24 15:37:35,078 - INFO - Starting VISIBLE Browser Session (Bypass Detection)...
2026-03-24 15:37:45,567 - INFO - >>> Processing Page 1...
2026-03-24 15:38:16,366 - INFO - Page 1 Done. Saved 50 rows.
2026-03-24 15:38:27,926 - INFO - >>> Processing Page 2...
2026-03-24 15:39:05,639 - INFO - Page 2 Done. Saved 50 rows.
2026-03-24 15:39:19,067 - INFO - >>> Processing Page 3...
2026-03-24 15:39:58,184 - INFO - Page 3 Done. Saved 50 rows.
2026-03-24 15:40:10,960 - INFO - >>> Processing Page 4...
2026-03-24 15:40:49,457 - INFO - Page 4 Done. Saved 50 rows.
2026-03-24 15:41:03,260 - INFO - >>> Processing Page 5...
2026-03-24 15:41:42,817 - INFO - Page 5 Done. Saved 50 rows.
2026-03-24 15:41:54,560 - INFO - >>> Processing Page 6...
2026-03-24 15:42:33,886 - INFO - Page 6 Done. Saved 50 rows.
2026-03-24 15:42:44,715 - INFO - >>> Processing Page 7...
2026-03-24 15:43:30,317 - INFO - >>> Processing Page 8...
2026-03-24 15:43:38,584 - WARNING - No links found on Page 8. Refreshing session and retrying...
2026-03-24 15:43:38,716 - INFO - Starting VISIBLE Browser Session (Bypass Detection)...
2026-03-24 15:43:48,212 - INFO - >>> Processing Page 8...
